[     208ms] [INFO] %cDownload the React DevTools for a better development experience: https://react.dev/link/react-devtools font-weight:bold @ http://localhost:3000/_next/static/chunks/05w9_next_dist_04sc5oc._.js:2431
[     228ms] [LOG] [HMR] connected @ http://localhost:3000/_next/static/chunks/05w9_next_dist_04sc5oc._.js:2431
[     625ms] [LOG] [Fast Refresh] rebuilding @ http://localhost:3000/_next/static/chunks/05w9_next_dist_04sc5oc._.js:2431
[     660ms] [LOG] [Fast Refresh] done in 161ms @ http://localhost:3000/_next/static/chunks/05w9_next_dist_04sc5oc._.js:2431
[    1297ms] [LOG] [Fast Refresh] rebuilding @ http://localhost:3000/_next/static/chunks/05w9_next_dist_04sc5oc._.js:2431
[    1356ms] [LOG] [Fast Refresh] done in 120ms @ http://localhost:3000/_next/static/chunks/05w9_next_dist_04sc5oc._.js:2431
[    1989ms] [LOG] [Fast Refresh] rebuilding @ http://localhost:3000/_next/static/chunks/05w9_next_dist_04sc5oc._.js:2431
[    2105ms] [LOG] [Fast Refresh] done in 130ms @ http://localhost:3000/_next/static/chunks/05w9_next_dist_04sc5oc._.js:2431
[    2637ms] [LOG] [Fast Refresh] rebuilding @ http://localhost:3000/_next/static/chunks/05w9_next_dist_04sc5oc._.js:2431
[    2683ms] [LOG] [Fast Refresh] done in 63ms @ http://localhost:3000/_next/static/chunks/05w9_next_dist_04sc5oc._.js:2431
[    3103ms] [LOG] [Fast Refresh] rebuilding @ http://localhost:3000/_next/static/chunks/05w9_next_dist_04sc5oc._.js:2431
[    3160ms] [LOG] [Fast Refresh] done in 73ms @ http://localhost:3000/_next/static/chunks/05w9_next_dist_04sc5oc._.js:2431
[    3672ms] [LOG] [Fast Refresh] rebuilding @ http://localhost:3000/_next/static/chunks/05w9_next_dist_04sc5oc._.js:2431
[    3719ms] [LOG] [Fast Refresh] done in 56ms @ http://localhost:3000/_next/static/chunks/05w9_next_dist_04sc5oc._.js:2431
[    4245ms] [LOG] [Fast Refresh] rebuilding @ http://localhost:3000/_next/static/chunks/05w9_next_dist_04sc5oc._.js:2431
[    4406ms] [LOG] [Fast Refresh] done in 78ms @ http://localhost:3000/_next/static/chunks/05w9_next_dist_04sc5oc._.js:2431
[    5230ms] [LOG] [Fast Refresh] rebuilding @ http://localhost:3000/_next/static/chunks/05w9_next_dist_04sc5oc._.js:2431
[    5317ms] [LOG] [Fast Refresh] done in 205ms @ http://localhost:3000/_next/static/chunks/05w9_next_dist_04sc5oc._.js:2431
[    5784ms] [LOG] [Fast Refresh] rebuilding @ http://localhost:3000/_next/static/chunks/05w9_next_dist_04sc5oc._.js:2431
[    5846ms] [LOG] [Fast Refresh] done in 86ms @ http://localhost:3000/_next/static/chunks/05w9_next_dist_04sc5oc._.js:2431
[   11339ms] [LOG] [Fast Refresh] rebuilding @ http://localhost:3000/_next/static/chunks/05w9_next_dist_04sc5oc._.js:2431
[   11882ms] [LOG] [Fast Refresh] done in 642ms @ http://localhost:3000/_next/static/chunks/05w9_next_dist_04sc5oc._.js:2431
[   12449ms] [LOG] [Fast Refresh] rebuilding @ http://localhost:3000/_next/static/chunks/05w9_next_dist_04sc5oc._.js:2431
[   12749ms] [LOG] [Fast Refresh] done in 411ms @ http://localhost:3000/_next/static/chunks/05w9_next_dist_04sc5oc._.js:2431
[   13416ms] [LOG] [Fast Refresh] rebuilding @ http://localhost:3000/_next/static/chunks/05w9_next_dist_04sc5oc._.js:2431
[   14585ms] [LOG] [Fast Refresh] done in 926ms @ http://localhost:3000/_next/static/chunks/05w9_next_dist_04sc5oc._.js:2431
[   17314ms] [LOG] [Fast Refresh] rebuilding @ http://localhost:3000/_next/static/chunks/05w9_next_dist_04sc5oc._.js:2431
[   18273ms] [LOG] [Fast Refresh] done in 1029ms @ http://localhost:3000/_next/static/chunks/05w9_next_dist_04sc5oc._.js:2431
[   18417ms] [LOG] [Fast Refresh] rebuilding @ http://localhost:3000/_next/static/chunks/05w9_next_dist_04sc5oc._.js:2431
[   18444ms] [LOG] [Fast Refresh] done in 145ms @ http://localhost:3000/_next/static/chunks/05w9_next_dist_04sc5oc._.js:2431
[   20092ms] [LOG] [Fast Refresh] rebuilding @ http://localhost:3000/_next/static/chunks/05w9_next_dist_04sc5oc._.js:2431
[   22150ms] [LOG] [Fast Refresh] done in 2167ms @ http://localhost:3000/_next/static/chunks/05w9_next_dist_04sc5oc._.js:2431
[   22993ms] [LOG] [Fast Refresh] rebuilding @ http://localhost:3000/_next/static/chunks/05w9_next_dist_04sc5oc._.js:2431
