[     280ms] [INFO] %cDownload the React DevTools for a better development experience: https://react.dev/link/react-devtools font-weight:bold @ http://localhost:3000/_next/static/chunks/05w9_next_dist_04sc5oc._.js:2431
[     299ms] [LOG] [HMR] connected @ http://localhost:3000/_next/static/chunks/05w9_next_dist_04sc5oc._.js:2431
[     419ms] [LOG] [Fast Refresh] rebuilding @ http://localhost:3000/_next/static/chunks/05w9_next_dist_04sc5oc._.js:2431
[     459ms] [LOG] [Fast Refresh] done in 141ms @ http://localhost:3000/_next/static/chunks/05w9_next_dist_04sc5oc._.js:2431
[  120582ms] [INFO] %cDownload the React DevTools for a better development experience: https://react.dev/link/react-devtools font-weight:bold @ http://localhost:3000/_next/static/chunks/05w9_next_dist_04sc5oc._.js:2431
[  120622ms] [LOG] [HMR] connected @ http://localhost:3000/_next/static/chunks/05w9_next_dist_04sc5oc._.js:2431
[  308582ms] [LOG] [Fast Refresh] rebuilding @ http://localhost:3000/_next/static/chunks/05w9_next_dist_04sc5oc._.js:2431
[  308653ms] [LOG] [Fast Refresh] done in 198ms @ http://localhost:3000/_next/static/chunks/05w9_next_dist_04sc5oc._.js:2431
[  404191ms] [LOG] [Fast Refresh] rebuilding @ http://localhost:3000/_next/static/chunks/05w9_next_dist_04sc5oc._.js:2431
[  404484ms] [LOG] [Fast Refresh] done in 369ms @ http://localhost:3000/_next/static/chunks/05w9_next_dist_04sc5oc._.js:2431
[  404587ms] [LOG] [Fast Refresh] rebuilding @ http://localhost:3000/_next/static/chunks/05w9_next_dist_04sc5oc._.js:2431
[  404805ms] [LOG] [Fast Refresh] done in 319ms @ http://localhost:3000/_next/static/chunks/05w9_next_dist_04sc5oc._.js:2431
[  404939ms] [LOG] [Fast Refresh] rebuilding @ http://localhost:3000/_next/static/chunks/05w9_next_dist_04sc5oc._.js:2431
[  405003ms] [LOG] [Fast Refresh] done in 165ms @ http://localhost:3000/_next/static/chunks/05w9_next_dist_04sc5oc._.js:2431
[  405241ms] [INFO] %cDownload the React DevTools for a better development experience: https://react.dev/link/react-devtools font-weight:bold @ http://localhost:3000/_next/static/chunks/05w9_next_dist_04sc5oc._.js:2431
[  405261ms] [LOG] [HMR] connected @ http://localhost:3000/_next/static/chunks/05w9_next_dist_04sc5oc._.js:2431
[  410707ms] [LOG] [Fast Refresh] rebuilding @ http://localhost:3000/_next/static/chunks/05w9_next_dist_04sc5oc._.js:2431
[  410708ms] [LOG] [Fast Refresh] done in 117ms @ http://localhost:3000/_next/static/chunks/05w9_next_dist_04sc5oc._.js:2431
[  420482ms] [LOG] [Fast Refresh] rebuilding @ http://localhost:3000/_next/static/chunks/05w9_next_dist_04sc5oc._.js:2431
[  420601ms] [LOG] [Fast Refresh] done in 220ms @ http://localhost:3000/_next/static/chunks/05w9_next_dist_04sc5oc._.js:2431
[  439000ms] [LOG] [Fast Refresh] rebuilding @ http://localhost:3000/_next/static/chunks/05w9_next_dist_04sc5oc._.js:2431
[  439051ms] [LOG] [Fast Refresh] done in 154ms @ http://localhost:3000/_next/static/chunks/05w9_next_dist_04sc5oc._.js:2431
[  445080ms] [LOG] [Fast Refresh] rebuilding @ http://localhost:3000/_next/static/chunks/05w9_next_dist_04sc5oc._.js:2431
[  445092ms] [LOG] [Fast Refresh] done in 79ms @ http://localhost:3000/_next/static/chunks/05w9_next_dist_04sc5oc._.js:2431
[  638798ms] [LOG] [Fast Refresh] rebuilding @ http://localhost:3000/_next/static/chunks/05w9_next_dist_04sc5oc._.js:2431
[  638987ms] [ERROR] ./components/ascii/AsciiGrid.tsx:6:1
Export createIntroState doesn't exist in target module
   4 | import { RAMP, RAMP_LEN } from "@/lib/ascii/ramp";
   5 | import { getSnapshot } from "@/lib/scroll-store";
>  6 | import {
     | ^^^^^^^
>  7 |   createIntroState,
     | ^^^^^^^^^^^^^^^^^^^
>  8 |   tickIntro,
     | ^^^^^^^^^^^^
>  9 |   isIntroDone,
     | ^^^^^^^^^^^^^^
> 10 |   INTRO_DURATION,
     | ^^^^^^^^^^^^^^^^^
> 11 |   type IntroState,
     | ^^^^^^^^^^^^^^^^^^
> 12 | } from "@/lib/ascii/intro";
     | ^^^^^^^^^^^^^^^^^^^^^^^^^^^
  13 |
  14 | const FONT_SIZE = 13;
  15 | const LINE_HEIGHT = 1.35;

The export createIntroState was not found in module [project]/lib/ascii/intro.ts [app-client] (ecmascript).
Did you mean to import introRampForCell?
All exports of the module are statically known (It doesn't have dynamic exports). So it's known statically that the requested export doesn't exist.

Import trace:
  Server Component:
    ./components/ascii/AsciiGrid.tsx
    ./app/layout.tsx @ http://localhost:3000/_next/static/chunks/05w9_next_dist_04sc5oc._.js:3272
[  638987ms] [ERROR] ./components/ascii/AsciiGrid.tsx:6:1
Export createIntroState doesn't exist in target module
   4 | import { RAMP, RAMP_LEN } from "@/lib/ascii/ramp";
   5 | import { getSnapshot } from "@/lib/scroll-store";
>  6 | import {
     | ^^^^^^^
>  7 |   createIntroState,
     | ^^^^^^^^^^^^^^^^^^^
>  8 |   tickIntro,
     | ^^^^^^^^^^^^
>  9 |   isIntroDone,
     | ^^^^^^^^^^^^^^
> 10 |   INTRO_DURATION,
     | ^^^^^^^^^^^^^^^^^
> 11 |   type IntroState,
     | ^^^^^^^^^^^^^^^^^^
> 12 | } from "@/lib/ascii/intro";
     | ^^^^^^^^^^^^^^^^^^^^^^^^^^^
  13 |
  14 | const FONT_SIZE = 13;
  15 | const LINE_HEIGHT = 1.35;

The export createIntroState was not found in module [project]/lib/ascii/intro.ts [app-ssr] (ecmascript).
Did you mean to import introRampForCell?
All exports of the module are statically known (It doesn't have dynamic exports). So it's known statically that the requested export doesn't exist.

Import trace:
  Server Component:
    ./components/ascii/AsciiGrid.tsx
    ./app/layout.tsx @ http://localhost:3000/_next/static/chunks/05w9_next_dist_04sc5oc._.js:3272
[  638988ms] [ERROR] ./components/ascii/AsciiGrid.tsx:6:1
Export isIntroDone doesn't exist in target module
   4 | import { RAMP, RAMP_LEN } from "@/lib/ascii/ramp";
   5 | import { getSnapshot } from "@/lib/scroll-store";
>  6 | import {
     | ^^^^^^^
>  7 |   createIntroState,
     | ^^^^^^^^^^^^^^^^^^^
>  8 |   tickIntro,
     | ^^^^^^^^^^^^
>  9 |   isIntroDone,
     | ^^^^^^^^^^^^^^
> 10 |   INTRO_DURATION,
     | ^^^^^^^^^^^^^^^^^
> 11 |   type IntroState,
     | ^^^^^^^^^^^^^^^^^^
> 12 | } from "@/lib/ascii/intro";
     | ^^^^^^^^^^^^^^^^^^^^^^^^^^^
  13 |
  14 | const FONT_SIZE = 13;
  15 | const LINE_HEIGHT = 1.35;

The export isIntroDone was not found in module [project]/lib/ascii/intro.ts [app-client] (ecmascript).
Did you mean to import introRampForCell?
All exports of the module are statically known (It doesn't have dynamic exports). So it's known statically that the requested export doesn't exist.

Import trace:
  Server Component:
    ./components/ascii/AsciiGrid.tsx
    ./app/layout.tsx @ http://localhost:3000/_next/static/chunks/05w9_next_dist_04sc5oc._.js:3272
[  638988ms] [ERROR] ./components/ascii/AsciiGrid.tsx:6:1
Export isIntroDone doesn't exist in target module
   4 | import { RAMP, RAMP_LEN } from "@/lib/ascii/ramp";
   5 | import { getSnapshot } from "@/lib/scroll-store";
>  6 | import {
     | ^^^^^^^
>  7 |   createIntroState,
     | ^^^^^^^^^^^^^^^^^^^
>  8 |   tickIntro,
     | ^^^^^^^^^^^^
>  9 |   isIntroDone,
     | ^^^^^^^^^^^^^^
> 10 |   INTRO_DURATION,
     | ^^^^^^^^^^^^^^^^^
> 11 |   type IntroState,
     | ^^^^^^^^^^^^^^^^^^
> 12 | } from "@/lib/ascii/intro";
     | ^^^^^^^^^^^^^^^^^^^^^^^^^^^
  13 |
  14 | const FONT_SIZE = 13;
  15 | const LINE_HEIGHT = 1.35;

The export isIntroDone was not found in module [project]/lib/ascii/intro.ts [app-ssr] (ecmascript).
Did you mean to import introRampForCell?
All exports of the module are statically known (It doesn't have dynamic exports). So it's known statically that the requested export doesn't exist.

Import trace:
  Server Component:
    ./components/ascii/AsciiGrid.tsx
    ./app/layout.tsx @ http://localhost:3000/_next/static/chunks/05w9_next_dist_04sc5oc._.js:3272
[  638988ms] [ERROR] ./components/ascii/AsciiGrid.tsx:6:1
Export tickIntro doesn't exist in target module
   4 | import { RAMP, RAMP_LEN } from "@/lib/ascii/ramp";
   5 | import { getSnapshot } from "@/lib/scroll-store";
>  6 | import {
     | ^^^^^^^
>  7 |   createIntroState,
     | ^^^^^^^^^^^^^^^^^^^
>  8 |   tickIntro,
     | ^^^^^^^^^^^^
>  9 |   isIntroDone,
     | ^^^^^^^^^^^^^^
> 10 |   INTRO_DURATION,
     | ^^^^^^^^^^^^^^^^^
> 11 |   type IntroState,
     | ^^^^^^^^^^^^^^^^^^
> 12 | } from "@/lib/ascii/intro";
     | ^^^^^^^^^^^^^^^^^^^^^^^^^^^
  13 |
  14 | const FONT_SIZE = 13;
  15 | const LINE_HEIGHT = 1.35;

The export tickIntro was not found in module [project]/lib/ascii/intro.ts [app-client] (ecmascript).
Did you mean to import introRampForCell?
All exports of the module are statically known (It doesn't have dynamic exports). So it's known statically that the requested export doesn't exist.

Import trace:
  Server Component:
    ./components/ascii/AsciiGrid.tsx
    ./app/layout.tsx @ http://localhost:3000/_next/static/chunks/05w9_next_dist_04sc5oc._.js:3272
[  638988ms] [ERROR] ./components/ascii/AsciiGrid.tsx:6:1
Export tickIntro doesn't exist in target module
   4 | import { RAMP, RAMP_LEN } from "@/lib/ascii/ramp";
   5 | import { getSnapshot } from "@/lib/scroll-store";
>  6 | import {
     | ^^^^^^^
>  7 |   createIntroState,
     | ^^^^^^^^^^^^^^^^^^^
>  8 |   tickIntro,
     | ^^^^^^^^^^^^
>  9 |   isIntroDone,
     | ^^^^^^^^^^^^^^
> 10 |   INTRO_DURATION,
     | ^^^^^^^^^^^^^^^^^
> 11 |   type IntroState,
     | ^^^^^^^^^^^^^^^^^^
> 12 | } from "@/lib/ascii/intro";
     | ^^^^^^^^^^^^^^^^^^^^^^^^^^^
  13 |
  14 | const FONT_SIZE = 13;
  15 | const LINE_HEIGHT = 1.35;

The export tickIntro was not found in module [project]/lib/ascii/intro.ts [app-ssr] (ecmascript).
Did you mean to import introRampForCell?
All exports of the module are statically known (It doesn't have dynamic exports). So it's known statically that the requested export doesn't exist.

Import trace:
  Server Component:
    ./components/ascii/AsciiGrid.tsx
    ./app/layout.tsx @ http://localhost:3000/_next/static/chunks/05w9_next_dist_04sc5oc._.js:3272
[  639211ms] [ERROR] ./components/ascii/AsciiGrid.tsx:6:1
Export createIntroState doesn't exist in target module
   4 | import { RAMP, RAMP_LEN } from "@/lib/ascii/ramp";
   5 | import { getSnapshot } from "@/lib/scroll-store";
>  6 | import {
     | ^^^^^^^
>  7 |   createIntroState,
     | ^^^^^^^^^^^^^^^^^^^
>  8 |   tickIntro,
     | ^^^^^^^^^^^^
>  9 |   isIntroDone,
     | ^^^^^^^^^^^^^^
> 10 |   INTRO_DURATION,
     | ^^^^^^^^^^^^^^^^^
> 11 |   type IntroState,
     | ^^^^^^^^^^^^^^^^^^
> 12 | } from "@/lib/ascii/intro";
     | ^^^^^^^^^^^^^^^^^^^^^^^^^^^
  13 |
  14 | const FONT_SIZE = 13;
  15 | const LINE_HEIGHT = 1.35;

The export createIntroState was not found in module [project]/lib/ascii/intro.ts [app-client] (ecmascript).
Did you mean to import introRampForCell?
All exports of the module are statically known (It doesn't have dynamic exports). So it's known statically that the requested export doesn't exist.

Import trace:
  Server Component:
    ./components/ascii/AsciiGrid.tsx
    ./app/layout.tsx @ http://localhost:3000/_next/static/chunks/05w9_next_dist_04sc5oc._.js:3272
[  639211ms] [ERROR] ./components/ascii/AsciiGrid.tsx:6:1
Export createIntroState doesn't exist in target module
   4 | import { RAMP, RAMP_LEN } from "@/lib/ascii/ramp";
   5 | import { getSnapshot } from "@/lib/scroll-store";
>  6 | import {
     | ^^^^^^^
>  7 |   createIntroState,
     | ^^^^^^^^^^^^^^^^^^^
>  8 |   tickIntro,
     | ^^^^^^^^^^^^
>  9 |   isIntroDone,
     | ^^^^^^^^^^^^^^
> 10 |   INTRO_DURATION,
     | ^^^^^^^^^^^^^^^^^
> 11 |   type IntroState,
     | ^^^^^^^^^^^^^^^^^^
> 12 | } from "@/lib/ascii/intro";
     | ^^^^^^^^^^^^^^^^^^^^^^^^^^^
  13 |
  14 | const FONT_SIZE = 13;
  15 | const LINE_HEIGHT = 1.35;

The export createIntroState was not found in module [project]/lib/ascii/intro.ts [app-ssr] (ecmascript).
Did you mean to import introRampForCell?
All exports of the module are statically known (It doesn't have dynamic exports). So it's known statically that the requested export doesn't exist.

Import trace:
  Server Component:
    ./components/ascii/AsciiGrid.tsx
    ./app/layout.tsx @ http://localhost:3000/_next/static/chunks/05w9_next_dist_04sc5oc._.js:3272
[  639211ms] [ERROR] ./components/ascii/AsciiGrid.tsx:6:1
Export isIntroDone doesn't exist in target module
   4 | import { RAMP, RAMP_LEN } from "@/lib/ascii/ramp";
   5 | import { getSnapshot } from "@/lib/scroll-store";
>  6 | import {
     | ^^^^^^^
>  7 |   createIntroState,
     | ^^^^^^^^^^^^^^^^^^^
>  8 |   tickIntro,
     | ^^^^^^^^^^^^
>  9 |   isIntroDone,
     | ^^^^^^^^^^^^^^
> 10 |   INTRO_DURATION,
     | ^^^^^^^^^^^^^^^^^
> 11 |   type IntroState,
     | ^^^^^^^^^^^^^^^^^^
> 12 | } from "@/lib/ascii/intro";
     | ^^^^^^^^^^^^^^^^^^^^^^^^^^^
  13 |
  14 | const FONT_SIZE = 13;
  15 | const LINE_HEIGHT = 1.35;

The export isIntroDone was not found in module [project]/lib/ascii/intro.ts [app-client] (ecmascript).
Did you mean to import introRampForCell?
All exports of the module are statically known (It doesn't have dynamic exports). So it's known statically that the requested export doesn't exist.

Import trace:
  Server Component:
    ./components/ascii/AsciiGrid.tsx
    ./app/layout.tsx @ http://localhost:3000/_next/static/chunks/05w9_next_dist_04sc5oc._.js:3272
[  639211ms] [ERROR] ./components/ascii/AsciiGrid.tsx:6:1
Export isIntroDone doesn't exist in target module
   4 | import { RAMP, RAMP_LEN } from "@/lib/ascii/ramp";
   5 | import { getSnapshot } from "@/lib/scroll-store";
>  6 | import {
     | ^^^^^^^
>  7 |   createIntroState,
     | ^^^^^^^^^^^^^^^^^^^
>  8 |   tickIntro,
     | ^^^^^^^^^^^^
>  9 |   isIntroDone,
     | ^^^^^^^^^^^^^^
> 10 |   INTRO_DURATION,
     | ^^^^^^^^^^^^^^^^^
> 11 |   type IntroState,
     | ^^^^^^^^^^^^^^^^^^
> 12 | } from "@/lib/ascii/intro";
     | ^^^^^^^^^^^^^^^^^^^^^^^^^^^
  13 |
  14 | const FONT_SIZE = 13;
  15 | const LINE_HEIGHT = 1.35;

The export isIntroDone was not found in module [project]/lib/ascii/intro.ts [app-ssr] (ecmascript).
Did you mean to import introRampForCell?
All exports of the module are statically known (It doesn't have dynamic exports). So it's known statically that the requested export doesn't exist.

Import trace:
  Server Component:
    ./components/ascii/AsciiGrid.tsx
    ./app/layout.tsx @ http://localhost:3000/_next/static/chunks/05w9_next_dist_04sc5oc._.js:3272
[  639211ms] [ERROR] ./components/ascii/AsciiGrid.tsx:6:1
Export tickIntro doesn't exist in target module
   4 | import { RAMP, RAMP_LEN } from "@/lib/ascii/ramp";
   5 | import { getSnapshot } from "@/lib/scroll-store";
>  6 | import {
     | ^^^^^^^
>  7 |   createIntroState,
     | ^^^^^^^^^^^^^^^^^^^
>  8 |   tickIntro,
     | ^^^^^^^^^^^^
>  9 |   isIntroDone,
     | ^^^^^^^^^^^^^^
> 10 |   INTRO_DURATION,
     | ^^^^^^^^^^^^^^^^^
> 11 |   type IntroState,
     | ^^^^^^^^^^^^^^^^^^
> 12 | } from "@/lib/ascii/intro";
     | ^^^^^^^^^^^^^^^^^^^^^^^^^^^
  13 |
  14 | const FONT_SIZE = 13;
  15 | const LINE_HEIGHT = 1.35;

The export tickIntro was not found in module [project]/lib/ascii/intro.ts [app-client] (ecmascript).
Did you mean to import introRampForCell?
All exports of the module are statically known (It doesn't have dynamic exports). So it's known statically that the requested export doesn't exist.

Import trace:
  Server Component:
    ./components/ascii/AsciiGrid.tsx
    ./app/layout.tsx @ http://localhost:3000/_next/static/chunks/05w9_next_dist_04sc5oc._.js:3272
[  639212ms] [ERROR] ./components/ascii/AsciiGrid.tsx:6:1
Export tickIntro doesn't exist in target module
   4 | import { RAMP, RAMP_LEN } from "@/lib/ascii/ramp";
   5 | import { getSnapshot } from "@/lib/scroll-store";
>  6 | import {
     | ^^^^^^^
>  7 |   createIntroState,
     | ^^^^^^^^^^^^^^^^^^^
>  8 |   tickIntro,
     | ^^^^^^^^^^^^
>  9 |   isIntroDone,
     | ^^^^^^^^^^^^^^
> 10 |   INTRO_DURATION,
     | ^^^^^^^^^^^^^^^^^
> 11 |   type IntroState,
     | ^^^^^^^^^^^^^^^^^^
> 12 | } from "@/lib/ascii/intro";
     | ^^^^^^^^^^^^^^^^^^^^^^^^^^^
  13 |
  14 | const FONT_SIZE = 13;
  15 | const LINE_HEIGHT = 1.35;

The export tickIntro was not found in module [project]/lib/ascii/intro.ts [app-ssr] (ecmascript).
Did you mean to import introRampForCell?
All exports of the module are statically known (It doesn't have dynamic exports). So it's known statically that the requested export doesn't exist.

Import trace:
  Server Component:
    ./components/ascii/AsciiGrid.tsx
    ./app/layout.tsx @ http://localhost:3000/_next/static/chunks/05w9_next_dist_04sc5oc._.js:3272
[  639235ms] [LOG] [Fast Refresh] rebuilding @ http://localhost:3000/_next/static/chunks/05w9_next_dist_04sc5oc._.js:2431
[  685988ms] [LOG] [Fast Refresh] rebuilding @ http://localhost:3000/_next/static/chunks/05w9_next_dist_04sc5oc._.js:2431
[  686040ms] [LOG] [Fast Refresh] done in 163ms @ http://localhost:3000/_next/static/chunks/05w9_next_dist_04sc5oc._.js:2431
[  711566ms] [LOG] [Fast Refresh] rebuilding @ http://localhost:3000/_next/static/chunks/05w9_next_dist_04sc5oc._.js:2431
[  711583ms] [LOG] [Fast Refresh] done in 90ms @ http://localhost:3000/_next/static/chunks/05w9_next_dist_04sc5oc._.js:2431
[  717811ms] [LOG] [Fast Refresh] rebuilding @ http://localhost:3000/_next/static/chunks/05w9_next_dist_04sc5oc._.js:2431
[  717830ms] [LOG] [Fast Refresh] done in 97ms @ http://localhost:3000/_next/static/chunks/05w9_next_dist_04sc5oc._.js:2431
[ 1232063ms] [LOG] [Fast Refresh] rebuilding @ http://localhost:3000/_next/static/chunks/05w9_next_dist_04sc5oc._.js:2431
[ 1232215ms] [LOG] [Fast Refresh] done in 262ms @ http://localhost:3000/_next/static/chunks/05w9_next_dist_04sc5oc._.js:2431
[ 1245229ms] [LOG] [Fast Refresh] rebuilding @ http://localhost:3000/_next/static/chunks/05w9_next_dist_04sc5oc._.js:2431
[ 1245267ms] [LOG] [Fast Refresh] done in 133ms @ http://localhost:3000/_next/static/chunks/05w9_next_dist_04sc5oc._.js:2431
[ 1257633ms] [LOG] [Fast Refresh] rebuilding @ http://localhost:3000/_next/static/chunks/05w9_next_dist_04sc5oc._.js:2431
[ 1257652ms] [LOG] [Fast Refresh] done in 111ms @ http://localhost:3000/_next/static/chunks/05w9_next_dist_04sc5oc._.js:2431
[ 1263848ms] [LOG] [Fast Refresh] rebuilding @ http://localhost:3000/_next/static/chunks/05w9_next_dist_04sc5oc._.js:2431
[ 1263884ms] [LOG] [Fast Refresh] done in 131ms @ http://localhost:3000/_next/static/chunks/05w9_next_dist_04sc5oc._.js:2431
