[     -87ms] [LOG] [Fast Refresh] done in 210ms @ http://localhost:3000/_next/static/chunks/05w9_next_dist_04sc5oc._.js:2431
[     403ms] [INFO] %cDownload the React DevTools for a better development experience: https://react.dev/link/react-devtools font-weight:bold @ http://localhost:3000/_next/static/chunks/05w9_next_dist_04sc5oc._.js:2431
[     435ms] [LOG] [HMR] connected @ http://localhost:3000/_next/static/chunks/05w9_next_dist_04sc5oc._.js:2431
[     447ms] [ERROR] Can't perform a React state update on a component that hasn't mounted yet. This indicates that you have a side-effect in your render function that asynchronously tries to update the component. Move this work to useEffect instead. @ http://localhost:3000/_next/static/chunks/05w9_next_dist_04sc5oc._.js:3272
[     645ms] [LOG] [Fast Refresh] rebuilding @ http://localhost:3000/_next/static/chunks/05w9_next_dist_04sc5oc._.js:2431
[     691ms] [LOG] [Fast Refresh] done in 163ms @ http://localhost:3000/_next/static/chunks/05w9_next_dist_04sc5oc._.js:2431
[    1070ms] [LOG] [Fast Refresh] rebuilding @ http://localhost:3000/_next/static/chunks/05w9_next_dist_04sc5oc._.js:2431
[    1207ms] [LOG] [Fast Refresh] done in 185ms @ http://localhost:3000/_next/static/chunks/05w9_next_dist_04sc5oc._.js:2431
[    1598ms] [LOG] [Fast Refresh] rebuilding @ http://localhost:3000/_next/static/chunks/05w9_next_dist_04sc5oc._.js:2431
[    1701ms] [LOG] [Fast Refresh] done in 170ms @ http://localhost:3000/_next/static/chunks/05w9_next_dist_04sc5oc._.js:2431
[    2439ms] [LOG] [Fast Refresh] rebuilding @ http://localhost:3000/_next/static/chunks/05w9_next_dist_04sc5oc._.js:2431
[    3068ms] [LOG] [Fast Refresh] done in 619ms @ http://localhost:3000/_next/static/chunks/05w9_next_dist_04sc5oc._.js:2431
[    3780ms] [LOG] [Fast Refresh] rebuilding @ http://localhost:3000/_next/static/chunks/05w9_next_dist_04sc5oc._.js:2431
[    3971ms] [LOG] [Fast Refresh] done in 214ms @ http://localhost:3000/_next/static/chunks/05w9_next_dist_04sc5oc._.js:2431
[    5142ms] [LOG] [Fast Refresh] rebuilding @ http://localhost:3000/_next/static/chunks/05w9_next_dist_04sc5oc._.js:2431
[    5900ms] [LOG] [Fast Refresh] done in 854ms @ http://localhost:3000/_next/static/chunks/05w9_next_dist_04sc5oc._.js:2431
[    6768ms] [LOG] [Fast Refresh] rebuilding @ http://localhost:3000/_next/static/chunks/05w9_next_dist_04sc5oc._.js:2431
[    8974ms] [LOG] [Fast Refresh] done in 2218ms @ http://localhost:3000/_next/static/chunks/05w9_next_dist_04sc5oc._.js:2431
[   10296ms] [LOG] [Fast Refresh] rebuilding @ http://localhost:3000/_next/static/chunks/05w9_next_dist_04sc5oc._.js:2431
[   10675ms] [LOG] [Fast Refresh] done in 457ms @ http://localhost:3000/_next/static/chunks/05w9_next_dist_04sc5oc._.js:2431
[   11570ms] [LOG] [Fast Refresh] rebuilding @ http://localhost:3000/_next/static/chunks/05w9_next_dist_04sc5oc._.js:2431
[   11870ms] [LOG] [Fast Refresh] done in 392ms @ http://localhost:3000/_next/static/chunks/05w9_next_dist_04sc5oc._.js:2431
[   12761ms] [LOG] [Fast Refresh] rebuilding @ http://localhost:3000/_next/static/chunks/05w9_next_dist_04sc5oc._.js:2431
[   13423ms] [LOG] [Fast Refresh] done in 717ms @ http://localhost:3000/_next/static/chunks/05w9_next_dist_04sc5oc._.js:2431
[   13556ms] [LOG] [Fast Refresh] rebuilding @ http://localhost:3000/_next/static/chunks/05w9_next_dist_04sc5oc._.js:2431
[   13565ms] [LOG] [Fast Refresh] done in 111ms @ http://localhost:3000/_next/static/chunks/05w9_next_dist_04sc5oc._.js:2431
[   14830ms] [LOG] [Fast Refresh] rebuilding @ http://localhost:3000/_next/static/chunks/05w9_next_dist_04sc5oc._.js:2431
[   16950ms] [LOG] [Fast Refresh] done in 2221ms @ http://localhost:3000/_next/static/chunks/05w9_next_dist_04sc5oc._.js:2431
[   17588ms] [LOG] [Fast Refresh] rebuilding @ http://localhost:3000/_next/static/chunks/05w9_next_dist_04sc5oc._.js:2431
[   17999ms] [LOG] [Fast Refresh] done in 497ms @ http://localhost:3000/_next/static/chunks/05w9_next_dist_04sc5oc._.js:2431
[   18514ms] [LOG] [Fast Refresh] rebuilding @ http://localhost:3000/_next/static/chunks/05w9_next_dist_04sc5oc._.js:2431
[   18620ms] [LOG] [Fast Refresh] done in 190ms @ http://localhost:3000/_next/static/chunks/05w9_next_dist_04sc5oc._.js:2431
[   19342ms] [LOG] [Fast Refresh] rebuilding @ http://localhost:3000/_next/static/chunks/05w9_next_dist_04sc5oc._.js:2431
[   19812ms] [LOG] [Fast Refresh] done in 531ms @ http://localhost:3000/_next/static/chunks/05w9_next_dist_04sc5oc._.js:2431
[   20787ms] [LOG] [Fast Refresh] rebuilding @ http://localhost:3000/_next/static/chunks/05w9_next_dist_04sc5oc._.js:2431
[   20967ms] [LOG] [Fast Refresh] done in 236ms @ http://localhost:3000/_next/static/chunks/05w9_next_dist_04sc5oc._.js:2431
[   21602ms] [LOG] [Fast Refresh] rebuilding @ http://localhost:3000/_next/static/chunks/05w9_next_dist_04sc5oc._.js:2431
[   21717ms] [LOG] [Fast Refresh] done in 179ms @ http://localhost:3000/_next/static/chunks/05w9_next_dist_04sc5oc._.js:2431
[   22417ms] [LOG] [Fast Refresh] rebuilding @ http://localhost:3000/_next/static/chunks/05w9_next_dist_04sc5oc._.js:2431
[   22742ms] [LOG] [Fast Refresh] done in 332ms @ http://localhost:3000/_next/static/chunks/05w9_next_dist_04sc5oc._.js:2431
[   23788ms] [LOG] [Fast Refresh] rebuilding @ http://localhost:3000/_next/static/chunks/05w9_next_dist_04sc5oc._.js:2431
[   24035ms] [LOG] [Fast Refresh] done in 303ms @ http://localhost:3000/_next/static/chunks/05w9_next_dist_04sc5oc._.js:2431
[   25045ms] [LOG] [Fast Refresh] rebuilding @ http://localhost:3000/_next/static/chunks/05w9_next_dist_04sc5oc._.js:2431
[   25338ms] [LOG] [Fast Refresh] done in 370ms @ http://localhost:3000/_next/static/chunks/05w9_next_dist_04sc5oc._.js:2431
[   26116ms] [LOG] [Fast Refresh] rebuilding @ http://localhost:3000/_next/static/chunks/05w9_next_dist_04sc5oc._.js:2431
[   26437ms] [LOG] [Fast Refresh] done in 288ms @ http://localhost:3000/_next/static/chunks/05w9_next_dist_04sc5oc._.js:2431
[   27192ms] [LOG] [Fast Refresh] rebuilding @ http://localhost:3000/_next/static/chunks/05w9_next_dist_04sc5oc._.js:2431
[   27518ms] [LOG] [Fast Refresh] done in 386ms @ http://localhost:3000/_next/static/chunks/05w9_next_dist_04sc5oc._.js:2431
[   28405ms] [LOG] [Fast Refresh] rebuilding @ http://localhost:3000/_next/static/chunks/05w9_next_dist_04sc5oc._.js:2431
[   28635ms] [LOG] [Fast Refresh] done in 219ms @ http://localhost:3000/_next/static/chunks/05w9_next_dist_04sc5oc._.js:2431
[   29214ms] [LOG] [Fast Refresh] rebuilding @ http://localhost:3000/_next/static/chunks/05w9_next_dist_04sc5oc._.js:2431
[   29357ms] [LOG] [Fast Refresh] done in 203ms @ http://localhost:3000/_next/static/chunks/05w9_next_dist_04sc5oc._.js:2431
[   30003ms] [LOG] [Fast Refresh] rebuilding @ http://localhost:3000/_next/static/chunks/05w9_next_dist_04sc5oc._.js:2431
[   30633ms] [LOG] [Fast Refresh] done in 673ms @ http://localhost:3000/_next/static/chunks/05w9_next_dist_04sc5oc._.js:2431
[   31199ms] [LOG] [Fast Refresh] rebuilding @ http://localhost:3000/_next/static/chunks/05w9_next_dist_04sc5oc._.js:2431
[   31320ms] [LOG] [Fast Refresh] done in 184ms @ http://localhost:3000/_next/static/chunks/05w9_next_dist_04sc5oc._.js:2431
[   31948ms] [LOG] [Fast Refresh] rebuilding @ http://localhost:3000/_next/static/chunks/05w9_next_dist_04sc5oc._.js:2431
[   32102ms] [LOG] [Fast Refresh] done in 213ms @ http://localhost:3000/_next/static/chunks/05w9_next_dist_04sc5oc._.js:2431
[   32740ms] [LOG] [Fast Refresh] rebuilding @ http://localhost:3000/_next/static/chunks/05w9_next_dist_04sc5oc._.js:2431
[   32851ms] [LOG] [Fast Refresh] done in 174ms @ http://localhost:3000/_next/static/chunks/05w9_next_dist_04sc5oc._.js:2431
[   33433ms] [LOG] [Fast Refresh] rebuilding @ http://localhost:3000/_next/static/chunks/05w9_next_dist_04sc5oc._.js:2431
[   33594ms] [LOG] [Fast Refresh] done in 216ms @ http://localhost:3000/_next/static/chunks/05w9_next_dist_04sc5oc._.js:2431
[   34287ms] [LOG] [Fast Refresh] rebuilding @ http://localhost:3000/_next/static/chunks/05w9_next_dist_04sc5oc._.js:2431
[   34467ms] [LOG] [Fast Refresh] done in 249ms @ http://localhost:3000/_next/static/chunks/05w9_next_dist_04sc5oc._.js:2431
[   36581ms] [LOG] [Fast Refresh] rebuilding @ http://localhost:3000/_next/static/chunks/05w9_next_dist_04sc5oc._.js:2431
[   38309ms] [LOG] [Fast Refresh] done in 1827ms @ http://localhost:3000/_next/static/chunks/05w9_next_dist_04sc5oc._.js:2431
[   38984ms] [LOG] [Fast Refresh] rebuilding @ http://localhost:3000/_next/static/chunks/05w9_next_dist_04sc5oc._.js:2431
[   39257ms] [LOG] [Fast Refresh] done in 329ms @ http://localhost:3000/_next/static/chunks/05w9_next_dist_04sc5oc._.js:2431
[   40036ms] [LOG] [Fast Refresh] rebuilding @ http://localhost:3000/_next/static/chunks/05w9_next_dist_04sc5oc._.js:2431
[   40121ms] [LOG] [Fast Refresh] done in 149ms @ http://localhost:3000/_next/static/chunks/05w9_next_dist_04sc5oc._.js:2431
[   40655ms] [LOG] [Fast Refresh] rebuilding @ http://localhost:3000/_next/static/chunks/05w9_next_dist_04sc5oc._.js:2431
[   40939ms] [LOG] [Fast Refresh] done in 292ms @ http://localhost:3000/_next/static/chunks/05w9_next_dist_04sc5oc._.js:2431
[   41742ms] [LOG] [Fast Refresh] rebuilding @ http://localhost:3000/_next/static/chunks/05w9_next_dist_04sc5oc._.js:2431
[   42035ms] [LOG] [Fast Refresh] done in 358ms @ http://localhost:3000/_next/static/chunks/05w9_next_dist_04sc5oc._.js:2431
[   42636ms] [LOG] [Fast Refresh] rebuilding @ http://localhost:3000/_next/static/chunks/05w9_next_dist_04sc5oc._.js:2431
[   43870ms] [LOG] [Fast Refresh] done in 1332ms @ http://localhost:3000/_next/static/chunks/05w9_next_dist_04sc5oc._.js:2431
[   44496ms] [LOG] [Fast Refresh] rebuilding @ http://localhost:3000/_next/static/chunks/05w9_next_dist_04sc5oc._.js:2431
[   44707ms] [LOG] [Fast Refresh] done in 263ms @ http://localhost:3000/_next/static/chunks/05w9_next_dist_04sc5oc._.js:2431
[   45235ms] [LOG] [Fast Refresh] rebuilding @ http://localhost:3000/_next/static/chunks/05w9_next_dist_04sc5oc._.js:2431
[   45423ms] [LOG] [Fast Refresh] done in 237ms @ http://localhost:3000/_next/static/chunks/05w9_next_dist_04sc5oc._.js:2431
[   45906ms] [LOG] [Fast Refresh] rebuilding @ http://localhost:3000/_next/static/chunks/05w9_next_dist_04sc5oc._.js:2431
[   46161ms] [LOG] [Fast Refresh] done in 310ms @ http://localhost:3000/_next/static/chunks/05w9_next_dist_04sc5oc._.js:2431
[   47211ms] [LOG] [Fast Refresh] rebuilding @ http://localhost:3000/_next/static/chunks/05w9_next_dist_04sc5oc._.js:2431
[   51799ms] [LOG] [Fast Refresh] done in 2865ms @ http://localhost:3000/_next/static/chunks/05w9_next_dist_04sc5oc._.js:2431
[   52320ms] [LOG] [Fast Refresh] rebuilding @ http://localhost:3000/_next/static/chunks/05w9_next_dist_04sc5oc._.js:2431
[   53369ms] [LOG] [Fast Refresh] done in 998ms @ http://localhost:3000/_next/static/chunks/05w9_next_dist_04sc5oc._.js:2431
[   54259ms] [LOG] [Fast Refresh] rebuilding @ http://localhost:3000/_next/static/chunks/05w9_next_dist_04sc5oc._.js:2431
[   54520ms] [LOG] [Fast Refresh] done in 304ms @ http://localhost:3000/_next/static/chunks/05w9_next_dist_04sc5oc._.js:2431
[   55214ms] [LOG] [Fast Refresh] rebuilding @ http://localhost:3000/_next/static/chunks/05w9_next_dist_04sc5oc._.js:2431
[   55415ms] [LOG] [Fast Refresh] done in 263ms @ http://localhost:3000/_next/static/chunks/05w9_next_dist_04sc5oc._.js:2431
[   56472ms] [LOG] [Fast Refresh] rebuilding @ http://localhost:3000/_next/static/chunks/05w9_next_dist_04sc5oc._.js:2431
[   56886ms] [LOG] [Fast Refresh] done in 513ms @ http://localhost:3000/_next/static/chunks/05w9_next_dist_04sc5oc._.js:2431
[   58420ms] [LOG] [Fast Refresh] rebuilding @ http://localhost:3000/_next/static/chunks/05w9_next_dist_04sc5oc._.js:2431
[   59101ms] [LOG] [Fast Refresh] done in 753ms @ http://localhost:3000/_next/static/chunks/05w9_next_dist_04sc5oc._.js:2431
[   59736ms] [LOG] [Fast Refresh] rebuilding @ http://localhost:3000/_next/static/chunks/05w9_next_dist_04sc5oc._.js:2431
[   59849ms] [LOG] [Fast Refresh] done in 164ms @ http://localhost:3000/_next/static/chunks/05w9_next_dist_04sc5oc._.js:2431
[   60315ms] [LOG] [Fast Refresh] rebuilding @ http://localhost:3000/_next/static/chunks/05w9_next_dist_04sc5oc._.js:2431
[   60392ms] [LOG] [Fast Refresh] done in 144ms @ http://localhost:3000/_next/static/chunks/05w9_next_dist_04sc5oc._.js:2431
[   60874ms] [LOG] [Fast Refresh] rebuilding @ http://localhost:3000/_next/static/chunks/05w9_next_dist_04sc5oc._.js:2431
[   61024ms] [LOG] [Fast Refresh] done in 202ms @ http://localhost:3000/_next/static/chunks/05w9_next_dist_04sc5oc._.js:2431
[   61391ms] [LOG] [Fast Refresh] rebuilding @ http://localhost:3000/_next/static/chunks/05w9_next_dist_04sc5oc._.js:2431
[   61485ms] [LOG] [Fast Refresh] done in 160ms @ http://localhost:3000/_next/static/chunks/05w9_next_dist_04sc5oc._.js:2431
[   62008ms] [LOG] [Fast Refresh] rebuilding @ http://localhost:3000/_next/static/chunks/05w9_next_dist_04sc5oc._.js:2431
[   62158ms] [LOG] [Fast Refresh] done in 209ms @ http://localhost:3000/_next/static/chunks/05w9_next_dist_04sc5oc._.js:2431
[   62648ms] [LOG] [Fast Refresh] rebuilding @ http://localhost:3000/_next/static/chunks/05w9_next_dist_04sc5oc._.js:2431
[   63482ms] [LOG] [Fast Refresh] done in 813ms @ http://localhost:3000/_next/static/chunks/05w9_next_dist_04sc5oc._.js:2431
[   66816ms] [LOG] [Fast Refresh] rebuilding @ http://localhost:3000/_next/static/chunks/05w9_next_dist_04sc5oc._.js:2431
[   67168ms] [LOG] [Fast Refresh] done in 364ms @ http://localhost:3000/_next/static/chunks/05w9_next_dist_04sc5oc._.js:2431
[   67957ms] [LOG] [Fast Refresh] rebuilding @ http://localhost:3000/_next/static/chunks/05w9_next_dist_04sc5oc._.js:2431
[   68065ms] [LOG] [Fast Refresh] done in 209ms @ http://localhost:3000/_next/static/chunks/05w9_next_dist_04sc5oc._.js:2431
[   68656ms] [LOG] [Fast Refresh] rebuilding @ http://localhost:3000/_next/static/chunks/05w9_next_dist_04sc5oc._.js:2431
[   68814ms] [LOG] [Fast Refresh] done in 209ms @ http://localhost:3000/_next/static/chunks/05w9_next_dist_04sc5oc._.js:2431
[   69386ms] [LOG] [Fast Refresh] rebuilding @ http://localhost:3000/_next/static/chunks/05w9_next_dist_04sc5oc._.js:2431
[   69571ms] [LOG] [Fast Refresh] done in 225ms @ http://localhost:3000/_next/static/chunks/05w9_next_dist_04sc5oc._.js:2431
[   70159ms] [LOG] [Fast Refresh] rebuilding @ http://localhost:3000/_next/static/chunks/05w9_next_dist_04sc5oc._.js:2431
[   70325ms] [LOG] [Fast Refresh] done in 217ms @ http://localhost:3000/_next/static/chunks/05w9_next_dist_04sc5oc._.js:2431
[   70751ms] [LOG] [Fast Refresh] rebuilding @ http://localhost:3000/_next/static/chunks/05w9_next_dist_04sc5oc._.js:2431
[   70900ms] [LOG] [Fast Refresh] done in 189ms @ http://localhost:3000/_next/static/chunks/05w9_next_dist_04sc5oc._.js:2431
[   71409ms] [LOG] [Fast Refresh] rebuilding @ http://localhost:3000/_next/static/chunks/05w9_next_dist_04sc5oc._.js:2431
[   71545ms] [LOG] [Fast Refresh] done in 183ms @ http://localhost:3000/_next/static/chunks/05w9_next_dist_04sc5oc._.js:2431
[   72152ms] [LOG] [Fast Refresh] rebuilding @ http://localhost:3000/_next/static/chunks/05w9_next_dist_04sc5oc._.js:2431
[   72392ms] [LOG] [Fast Refresh] done in 342ms @ http://localhost:3000/_next/static/chunks/05w9_next_dist_04sc5oc._.js:2431
[   73333ms] [LOG] [Fast Refresh] rebuilding @ http://localhost:3000/_next/static/chunks/05w9_next_dist_04sc5oc._.js:2431
[   73408ms] [LOG] [Fast Refresh] done in 131ms @ http://localhost:3000/_next/static/chunks/05w9_next_dist_04sc5oc._.js:2431
[   74052ms] [LOG] [Fast Refresh] rebuilding @ http://localhost:3000/_next/static/chunks/05w9_next_dist_04sc5oc._.js:2431
[   74327ms] [LOG] [Fast Refresh] done in 374ms @ http://localhost:3000/_next/static/chunks/05w9_next_dist_04sc5oc._.js:2431
[   74803ms] [LOG] [Fast Refresh] rebuilding @ http://localhost:3000/_next/static/chunks/05w9_next_dist_04sc5oc._.js:2431
[   75016ms] [LOG] [Fast Refresh] done in 253ms @ http://localhost:3000/_next/static/chunks/05w9_next_dist_04sc5oc._.js:2431
[   75743ms] [LOG] [Fast Refresh] rebuilding @ http://localhost:3000/_next/static/chunks/05w9_next_dist_04sc5oc._.js:2431
[   76098ms] [LOG] [Fast Refresh] done in 357ms @ http://localhost:3000/_next/static/chunks/05w9_next_dist_04sc5oc._.js:2431
[   77925ms] [LOG] [Fast Refresh] rebuilding @ http://localhost:3000/_next/static/chunks/05w9_next_dist_04sc5oc._.js:2431
[   79362ms] [LOG] [Fast Refresh] done in 1546ms @ http://localhost:3000/_next/static/chunks/05w9_next_dist_04sc5oc._.js:2431
[   80367ms] [LOG] [Fast Refresh] rebuilding @ http://localhost:3000/_next/static/chunks/05w9_next_dist_04sc5oc._.js:2431
[   80562ms] [LOG] [Fast Refresh] done in 233ms @ http://localhost:3000/_next/static/chunks/05w9_next_dist_04sc5oc._.js:2431
[   81249ms] [LOG] [Fast Refresh] rebuilding @ http://localhost:3000/_next/static/chunks/05w9_next_dist_04sc5oc._.js:2431
[   81396ms] [LOG] [Fast Refresh] done in 202ms @ http://localhost:3000/_next/static/chunks/05w9_next_dist_04sc5oc._.js:2431
[   81836ms] [LOG] [Fast Refresh] rebuilding @ http://localhost:3000/_next/static/chunks/05w9_next_dist_04sc5oc._.js:2431
[   81935ms] [LOG] [Fast Refresh] done in 156ms @ http://localhost:3000/_next/static/chunks/05w9_next_dist_04sc5oc._.js:2431
[   82555ms] [LOG] [Fast Refresh] rebuilding @ http://localhost:3000/_next/static/chunks/05w9_next_dist_04sc5oc._.js:2431
[   82898ms] [LOG] [Fast Refresh] done in 401ms @ http://localhost:3000/_next/static/chunks/05w9_next_dist_04sc5oc._.js:2431
[   83484ms] [LOG] [Fast Refresh] rebuilding @ http://localhost:3000/_next/static/chunks/05w9_next_dist_04sc5oc._.js:2431
[   83578ms] [LOG] [Fast Refresh] done in 158ms @ http://localhost:3000/_next/static/chunks/05w9_next_dist_04sc5oc._.js:2431
[   84147ms] [LOG] [Fast Refresh] rebuilding @ http://localhost:3000/_next/static/chunks/05w9_next_dist_04sc5oc._.js:2431
[   84280ms] [LOG] [Fast Refresh] done in 186ms @ http://localhost:3000/_next/static/chunks/05w9_next_dist_04sc5oc._.js:2431
[   85075ms] [LOG] [Fast Refresh] rebuilding @ http://localhost:3000/_next/static/chunks/05w9_next_dist_04sc5oc._.js:2431
[   85172ms] [LOG] [Fast Refresh] done in 161ms @ http://localhost:3000/_next/static/chunks/05w9_next_dist_04sc5oc._.js:2431
[   85642ms] [LOG] [Fast Refresh] rebuilding @ http://localhost:3000/_next/static/chunks/05w9_next_dist_04sc5oc._.js:2431
[   85804ms] [LOG] [Fast Refresh] done in 238ms @ http://localhost:3000/_next/static/chunks/05w9_next_dist_04sc5oc._.js:2431
[   86184ms] [LOG] [Fast Refresh] rebuilding @ http://localhost:3000/_next/static/chunks/05w9_next_dist_04sc5oc._.js:2431
[   86377ms] [LOG] [Fast Refresh] done in 293ms @ http://localhost:3000/_next/static/chunks/05w9_next_dist_04sc5oc._.js:2431
[   86965ms] [LOG] [Fast Refresh] rebuilding @ http://localhost:3000/_next/static/chunks/05w9_next_dist_04sc5oc._.js:2431
[   87216ms] [LOG] [Fast Refresh] done in 310ms @ http://localhost:3000/_next/static/chunks/05w9_next_dist_04sc5oc._.js:2431
[   87956ms] [LOG] [Fast Refresh] rebuilding @ http://localhost:3000/_next/static/chunks/05w9_next_dist_04sc5oc._.js:2431
[   88104ms] [LOG] [Fast Refresh] done in 197ms @ http://localhost:3000/_next/static/chunks/05w9_next_dist_04sc5oc._.js:2431
[   88503ms] [LOG] [Fast Refresh] rebuilding @ http://localhost:3000/_next/static/chunks/05w9_next_dist_04sc5oc._.js:2431
[   88638ms] [LOG] [Fast Refresh] done in 188ms @ http://localhost:3000/_next/static/chunks/05w9_next_dist_04sc5oc._.js:2431
[   89157ms] [LOG] [Fast Refresh] rebuilding @ http://localhost:3000/_next/static/chunks/05w9_next_dist_04sc5oc._.js:2431
[   89492ms] [LOG] [Fast Refresh] done in 378ms @ http://localhost:3000/_next/static/chunks/05w9_next_dist_04sc5oc._.js:2431
[   90148ms] [LOG] [Fast Refresh] rebuilding @ http://localhost:3000/_next/static/chunks/05w9_next_dist_04sc5oc._.js:2431
[   90231ms] [LOG] [Fast Refresh] done in 142ms @ http://localhost:3000/_next/static/chunks/05w9_next_dist_04sc5oc._.js:2431
[   90664ms] [LOG] [Fast Refresh] rebuilding @ http://localhost:3000/_next/static/chunks/05w9_next_dist_04sc5oc._.js:2431
[   90745ms] [LOG] [Fast Refresh] done in 147ms @ http://localhost:3000/_next/static/chunks/05w9_next_dist_04sc5oc._.js:2431
[   91203ms] [LOG] [Fast Refresh] rebuilding @ http://localhost:3000/_next/static/chunks/05w9_next_dist_04sc5oc._.js:2431
[   91278ms] [LOG] [Fast Refresh] done in 142ms @ http://localhost:3000/_next/static/chunks/05w9_next_dist_04sc5oc._.js:2431
[   91745ms] [LOG] [Fast Refresh] rebuilding @ http://localhost:3000/_next/static/chunks/05w9_next_dist_04sc5oc._.js:2431
[   91846ms] [LOG] [Fast Refresh] done in 168ms @ http://localhost:3000/_next/static/chunks/05w9_next_dist_04sc5oc._.js:2431
[   92237ms] [LOG] [Fast Refresh] rebuilding @ http://localhost:3000/_next/static/chunks/05w9_next_dist_04sc5oc._.js:2431
[   92394ms] [LOG] [Fast Refresh] done in 194ms @ http://localhost:3000/_next/static/chunks/05w9_next_dist_04sc5oc._.js:2431
[   92756ms] [LOG] [Fast Refresh] rebuilding @ http://localhost:3000/_next/static/chunks/05w9_next_dist_04sc5oc._.js:2431
[   92827ms] [LOG] [Fast Refresh] done in 136ms @ http://localhost:3000/_next/static/chunks/05w9_next_dist_04sc5oc._.js:2431
[   93482ms] [LOG] [Fast Refresh] rebuilding @ http://localhost:3000/_next/static/chunks/05w9_next_dist_04sc5oc._.js:2431
[   93949ms] [LOG] [Fast Refresh] done in 488ms @ http://localhost:3000/_next/static/chunks/05w9_next_dist_04sc5oc._.js:2431
[   95927ms] [LOG] [Fast Refresh] rebuilding @ http://localhost:3000/_next/static/chunks/05w9_next_dist_04sc5oc._.js:2431
[   96081ms] [LOG] [Fast Refresh] done in 215ms @ http://localhost:3000/_next/static/chunks/05w9_next_dist_04sc5oc._.js:2431
[   96522ms] [LOG] [Fast Refresh] rebuilding @ http://localhost:3000/_next/static/chunks/05w9_next_dist_04sc5oc._.js:2431
[   97180ms] [LOG] [Fast Refresh] done in 699ms @ http://localhost:3000/_next/static/chunks/05w9_next_dist_04sc5oc._.js:2431
[   98649ms] [LOG] [Fast Refresh] rebuilding @ http://localhost:3000/_next/static/chunks/05w9_next_dist_04sc5oc._.js:2431
[  100070ms] [LOG] [Fast Refresh] done in 1477ms @ http://localhost:3000/_next/static/chunks/05w9_next_dist_04sc5oc._.js:2431
[  100638ms] [LOG] [Fast Refresh] rebuilding @ http://localhost:3000/_next/static/chunks/05w9_next_dist_04sc5oc._.js:2431
[  100765ms] [LOG] [Fast Refresh] done in 194ms @ http://localhost:3000/_next/static/chunks/05w9_next_dist_04sc5oc._.js:2431
[  101162ms] [LOG] [Fast Refresh] rebuilding @ http://localhost:3000/_next/static/chunks/05w9_next_dist_04sc5oc._.js:2431
[  101229ms] [LOG] [Fast Refresh] done in 133ms @ http://localhost:3000/_next/static/chunks/05w9_next_dist_04sc5oc._.js:2431
[  101671ms] [LOG] [Fast Refresh] rebuilding @ http://localhost:3000/_next/static/chunks/05w9_next_dist_04sc5oc._.js:2431
[  101800ms] [LOG] [Fast Refresh] done in 195ms @ http://localhost:3000/_next/static/chunks/05w9_next_dist_04sc5oc._.js:2431
[  102205ms] [LOG] [Fast Refresh] rebuilding @ http://localhost:3000/_next/static/chunks/05w9_next_dist_04sc5oc._.js:2431
[  102290ms] [LOG] [Fast Refresh] done in 152ms @ http://localhost:3000/_next/static/chunks/05w9_next_dist_04sc5oc._.js:2431
[  102788ms] [LOG] [Fast Refresh] rebuilding @ http://localhost:3000/_next/static/chunks/05w9_next_dist_04sc5oc._.js:2431
[  102885ms] [LOG] [Fast Refresh] done in 165ms @ http://localhost:3000/_next/static/chunks/05w9_next_dist_04sc5oc._.js:2431
[  103323ms] [LOG] [Fast Refresh] rebuilding @ http://localhost:3000/_next/static/chunks/05w9_next_dist_04sc5oc._.js:2431
[  103419ms] [LOG] [Fast Refresh] done in 174ms @ http://localhost:3000/_next/static/chunks/05w9_next_dist_04sc5oc._.js:2431
[  104182ms] [LOG] [Fast Refresh] rebuilding @ http://localhost:3000/_next/static/chunks/05w9_next_dist_04sc5oc._.js:2431
[  104686ms] [LOG] [Fast Refresh] done in 581ms @ http://localhost:3000/_next/static/chunks/05w9_next_dist_04sc5oc._.js:2431
[  105466ms] [LOG] [Fast Refresh] rebuilding @ http://localhost:3000/_next/static/chunks/05w9_next_dist_04sc5oc._.js:2431
[  105693ms] [LOG] [Fast Refresh] done in 324ms @ http://localhost:3000/_next/static/chunks/05w9_next_dist_04sc5oc._.js:2431
[  106165ms] [LOG] [Fast Refresh] rebuilding @ http://localhost:3000/_next/static/chunks/05w9_next_dist_04sc5oc._.js:2431
[  106267ms] [LOG] [Fast Refresh] done in 164ms @ http://localhost:3000/_next/static/chunks/05w9_next_dist_04sc5oc._.js:2431
[  106755ms] [LOG] [Fast Refresh] rebuilding @ http://localhost:3000/_next/static/chunks/05w9_next_dist_04sc5oc._.js:2431
[  106855ms] [LOG] [Fast Refresh] done in 164ms @ http://localhost:3000/_next/static/chunks/05w9_next_dist_04sc5oc._.js:2431
[  107794ms] [LOG] [Fast Refresh] rebuilding @ http://localhost:3000/_next/static/chunks/05w9_next_dist_04sc5oc._.js:2431
[  107927ms] [LOG] [Fast Refresh] done in 193ms @ http://localhost:3000/_next/static/chunks/05w9_next_dist_04sc5oc._.js:2431
[  108437ms] [LOG] [Fast Refresh] rebuilding @ http://localhost:3000/_next/static/chunks/05w9_next_dist_04sc5oc._.js:2431
[  108531ms] [LOG] [Fast Refresh] done in 151ms @ http://localhost:3000/_next/static/chunks/05w9_next_dist_04sc5oc._.js:2431
[  109301ms] [LOG] [Fast Refresh] rebuilding @ http://localhost:3000/_next/static/chunks/05w9_next_dist_04sc5oc._.js:2431
[  109393ms] [LOG] [Fast Refresh] done in 179ms @ http://localhost:3000/_next/static/chunks/05w9_next_dist_04sc5oc._.js:2431
[  109983ms] [LOG] [Fast Refresh] rebuilding @ http://localhost:3000/_next/static/chunks/05w9_next_dist_04sc5oc._.js:2431
[  110396ms] [LOG] [Fast Refresh] done in 466ms @ http://localhost:3000/_next/static/chunks/05w9_next_dist_04sc5oc._.js:2431
[  110700ms] [LOG] [Fast Refresh] rebuilding @ http://localhost:3000/_next/static/chunks/05w9_next_dist_04sc5oc._.js:2431
[  110759ms] [LOG] [Fast Refresh] done in 141ms @ http://localhost:3000/_next/static/chunks/05w9_next_dist_04sc5oc._.js:2431
[  111336ms] [LOG] [Fast Refresh] rebuilding @ http://localhost:3000/_next/static/chunks/05w9_next_dist_04sc5oc._.js:2431
[  111411ms] [LOG] [Fast Refresh] done in 162ms @ http://localhost:3000/_next/static/chunks/05w9_next_dist_04sc5oc._.js:2431
[  111930ms] [LOG] [Fast Refresh] rebuilding @ http://localhost:3000/_next/static/chunks/05w9_next_dist_04sc5oc._.js:2431
[  112003ms] [LOG] [Fast Refresh] done in 138ms @ http://localhost:3000/_next/static/chunks/05w9_next_dist_04sc5oc._.js:2431
[  112481ms] [LOG] [Fast Refresh] rebuilding @ http://localhost:3000/_next/static/chunks/05w9_next_dist_04sc5oc._.js:2431
[  112651ms] [LOG] [Fast Refresh] done in 175ms @ http://localhost:3000/_next/static/chunks/05w9_next_dist_04sc5oc._.js:2431
[  113133ms] [LOG] [Fast Refresh] rebuilding @ http://localhost:3000/_next/static/chunks/05w9_next_dist_04sc5oc._.js:2431
[  113216ms] [LOG] [Fast Refresh] done in 148ms @ http://localhost:3000/_next/static/chunks/05w9_next_dist_04sc5oc._.js:2431
[  113672ms] [LOG] [Fast Refresh] rebuilding @ http://localhost:3000/_next/static/chunks/05w9_next_dist_04sc5oc._.js:2431
[  113814ms] [LOG] [Fast Refresh] done in 242ms @ http://localhost:3000/_next/static/chunks/05w9_next_dist_04sc5oc._.js:2431
[  114306ms] [LOG] [Fast Refresh] rebuilding @ http://localhost:3000/_next/static/chunks/05w9_next_dist_04sc5oc._.js:2431
[  114601ms] [LOG] [Fast Refresh] done in 381ms @ http://localhost:3000/_next/static/chunks/05w9_next_dist_04sc5oc._.js:2431
[  115379ms] [LOG] [Fast Refresh] rebuilding @ http://localhost:3000/_next/static/chunks/05w9_next_dist_04sc5oc._.js:2431
[  115499ms] [LOG] [Fast Refresh] done in 180ms @ http://localhost:3000/_next/static/chunks/05w9_next_dist_04sc5oc._.js:2431
[  116040ms] [LOG] [Fast Refresh] rebuilding @ http://localhost:3000/_next/static/chunks/05w9_next_dist_04sc5oc._.js:2431
[  116206ms] [LOG] [Fast Refresh] done in 231ms @ http://localhost:3000/_next/static/chunks/05w9_next_dist_04sc5oc._.js:2431
[  116880ms] [LOG] [Fast Refresh] rebuilding @ http://localhost:3000/_next/static/chunks/05w9_next_dist_04sc5oc._.js:2431
[  117006ms] [LOG] [Fast Refresh] done in 175ms @ http://localhost:3000/_next/static/chunks/05w9_next_dist_04sc5oc._.js:2431
[  117446ms] [LOG] [Fast Refresh] rebuilding @ http://localhost:3000/_next/static/chunks/05w9_next_dist_04sc5oc._.js:2431
[  117616ms] [LOG] [Fast Refresh] done in 168ms @ http://localhost:3000/_next/static/chunks/05w9_next_dist_04sc5oc._.js:2431
[  118249ms] [LOG] [Fast Refresh] rebuilding @ http://localhost:3000/_next/static/chunks/05w9_next_dist_04sc5oc._.js:2431
[  118348ms] [LOG] [Fast Refresh] done in 165ms @ http://localhost:3000/_next/static/chunks/05w9_next_dist_04sc5oc._.js:2431
[  118745ms] [LOG] [Fast Refresh] rebuilding @ http://localhost:3000/_next/static/chunks/05w9_next_dist_04sc5oc._.js:2431
[  118852ms] [LOG] [Fast Refresh] done in 168ms @ http://localhost:3000/_next/static/chunks/05w9_next_dist_04sc5oc._.js:2431
[  119254ms] [LOG] [Fast Refresh] rebuilding @ http://localhost:3000/_next/static/chunks/05w9_next_dist_04sc5oc._.js:2431
[  119324ms] [LOG] [Fast Refresh] done in 135ms @ http://localhost:3000/_next/static/chunks/05w9_next_dist_04sc5oc._.js:2431
[  119792ms] [LOG] [Fast Refresh] rebuilding @ http://localhost:3000/_next/static/chunks/05w9_next_dist_04sc5oc._.js:2431
[  119891ms] [LOG] [Fast Refresh] done in 158ms @ http://localhost:3000/_next/static/chunks/05w9_next_dist_04sc5oc._.js:2431
[  120385ms] [LOG] [Fast Refresh] rebuilding @ http://localhost:3000/_next/static/chunks/05w9_next_dist_04sc5oc._.js:2431
[  120593ms] [LOG] [Fast Refresh] done in 272ms @ http://localhost:3000/_next/static/chunks/05w9_next_dist_04sc5oc._.js:2431
[  121180ms] [LOG] [Fast Refresh] rebuilding @ http://localhost:3000/_next/static/chunks/05w9_next_dist_04sc5oc._.js:2431
[  121270ms] [LOG] [Fast Refresh] done in 182ms @ http://localhost:3000/_next/static/chunks/05w9_next_dist_04sc5oc._.js:2431
[  121755ms] [LOG] [Fast Refresh] rebuilding @ http://localhost:3000/_next/static/chunks/05w9_next_dist_04sc5oc._.js:2431
[  121929ms] [LOG] [Fast Refresh] done in 236ms @ http://localhost:3000/_next/static/chunks/05w9_next_dist_04sc5oc._.js:2431
[  122356ms] [LOG] [Fast Refresh] rebuilding @ http://localhost:3000/_next/static/chunks/05w9_next_dist_04sc5oc._.js:2431
[  122433ms] [LOG] [Fast Refresh] done in 141ms @ http://localhost:3000/_next/static/chunks/05w9_next_dist_04sc5oc._.js:2431
[  123091ms] [LOG] [Fast Refresh] rebuilding @ http://localhost:3000/_next/static/chunks/05w9_next_dist_04sc5oc._.js:2431
[  123279ms] [LOG] [Fast Refresh] done in 250ms @ http://localhost:3000/_next/static/chunks/05w9_next_dist_04sc5oc._.js:2431
[  123981ms] [LOG] [Fast Refresh] rebuilding @ http://localhost:3000/_next/static/chunks/05w9_next_dist_04sc5oc._.js:2431
[  124072ms] [LOG] [Fast Refresh] done in 152ms @ http://localhost:3000/_next/static/chunks/05w9_next_dist_04sc5oc._.js:2431
[  124793ms] [LOG] [Fast Refresh] rebuilding @ http://localhost:3000/_next/static/chunks/05w9_next_dist_04sc5oc._.js:2431
[  125013ms] [LOG] [Fast Refresh] done in 255ms @ http://localhost:3000/_next/static/chunks/05w9_next_dist_04sc5oc._.js:2431
[  125549ms] [LOG] [Fast Refresh] rebuilding @ http://localhost:3000/_next/static/chunks/05w9_next_dist_04sc5oc._.js:2431
[  125595ms] [LOG] [Fast Refresh] done in 200ms @ http://localhost:3000/_next/static/chunks/05w9_next_dist_04sc5oc._.js:2431
[  126227ms] [LOG] [Fast Refresh] rebuilding @ http://localhost:3000/_next/static/chunks/05w9_next_dist_04sc5oc._.js:2431
[  126351ms] [LOG] [Fast Refresh] done in 187ms @ http://localhost:3000/_next/static/chunks/05w9_next_dist_04sc5oc._.js:2431
[  126790ms] [LOG] [Fast Refresh] rebuilding @ http://localhost:3000/_next/static/chunks/05w9_next_dist_04sc5oc._.js:2431
[  126898ms] [LOG] [Fast Refresh] done in 191ms @ http://localhost:3000/_next/static/chunks/05w9_next_dist_04sc5oc._.js:2431
[  127348ms] [LOG] [Fast Refresh] rebuilding @ http://localhost:3000/_next/static/chunks/05w9_next_dist_04sc5oc._.js:2431
[  127484ms] [LOG] [Fast Refresh] done in 217ms @ http://localhost:3000/_next/static/chunks/05w9_next_dist_04sc5oc._.js:2431
[  128147ms] [LOG] [Fast Refresh] rebuilding @ http://localhost:3000/_next/static/chunks/05w9_next_dist_04sc5oc._.js:2431
[  128264ms] [LOG] [Fast Refresh] done in 170ms @ http://localhost:3000/_next/static/chunks/05w9_next_dist_04sc5oc._.js:2431
[  128812ms] [LOG] [Fast Refresh] rebuilding @ http://localhost:3000/_next/static/chunks/05w9_next_dist_04sc5oc._.js:2431
[  129459ms] [LOG] [Fast Refresh] done in 700ms @ http://localhost:3000/_next/static/chunks/05w9_next_dist_04sc5oc._.js:2431
[  130281ms] [LOG] [Fast Refresh] rebuilding @ http://localhost:3000/_next/static/chunks/05w9_next_dist_04sc5oc._.js:2431
[  130554ms] [LOG] [Fast Refresh] done in 319ms @ http://localhost:3000/_next/static/chunks/05w9_next_dist_04sc5oc._.js:2431
[  131297ms] [LOG] [Fast Refresh] rebuilding @ http://localhost:3000/_next/static/chunks/05w9_next_dist_04sc5oc._.js:2431
[  131438ms] [LOG] [Fast Refresh] done in 199ms @ http://localhost:3000/_next/static/chunks/05w9_next_dist_04sc5oc._.js:2431
[  132488ms] [LOG] [Fast Refresh] rebuilding @ http://localhost:3000/_next/static/chunks/05w9_next_dist_04sc5oc._.js:2431
[  132758ms] [LOG] [Fast Refresh] done in 355ms @ http://localhost:3000/_next/static/chunks/05w9_next_dist_04sc5oc._.js:2431
[  133487ms] [LOG] [Fast Refresh] rebuilding @ http://localhost:3000/_next/static/chunks/05w9_next_dist_04sc5oc._.js:2431
[  133573ms] [LOG] [Fast Refresh] done in 151ms @ http://localhost:3000/_next/static/chunks/05w9_next_dist_04sc5oc._.js:2431
[  134187ms] [LOG] [Fast Refresh] rebuilding @ http://localhost:3000/_next/static/chunks/05w9_next_dist_04sc5oc._.js:2431
[  134388ms] [LOG] [Fast Refresh] done in 263ms @ http://localhost:3000/_next/static/chunks/05w9_next_dist_04sc5oc._.js:2431
[  134957ms] [LOG] [Fast Refresh] rebuilding @ http://localhost:3000/_next/static/chunks/05w9_next_dist_04sc5oc._.js:2431
[  135178ms] [LOG] [Fast Refresh] done in 313ms @ http://localhost:3000/_next/static/chunks/05w9_next_dist_04sc5oc._.js:2431
[  136035ms] [LOG] [Fast Refresh] rebuilding @ http://localhost:3000/_next/static/chunks/05w9_next_dist_04sc5oc._.js:2431
[  136256ms] [LOG] [Fast Refresh] done in 272ms @ http://localhost:3000/_next/static/chunks/05w9_next_dist_04sc5oc._.js:2431
[  136746ms] [LOG] [Fast Refresh] rebuilding @ http://localhost:3000/_next/static/chunks/05w9_next_dist_04sc5oc._.js:2431
[  136903ms] [LOG] [Fast Refresh] done in 216ms @ http://localhost:3000/_next/static/chunks/05w9_next_dist_04sc5oc._.js:2431
[  137414ms] [LOG] [Fast Refresh] rebuilding @ http://localhost:3000/_next/static/chunks/05w9_next_dist_04sc5oc._.js:2431
[  137528ms] [LOG] [Fast Refresh] done in 214ms @ http://localhost:3000/_next/static/chunks/05w9_next_dist_04sc5oc._.js:2431
[  138526ms] [LOG] [Fast Refresh] rebuilding @ http://localhost:3000/_next/static/chunks/05w9_next_dist_04sc5oc._.js:2431
[  138703ms] [LOG] [Fast Refresh] done in 203ms @ http://localhost:3000/_next/static/chunks/05w9_next_dist_04sc5oc._.js:2431
[  139556ms] [LOG] [Fast Refresh] rebuilding @ http://localhost:3000/_next/static/chunks/05w9_next_dist_04sc5oc._.js:2431
[  139685ms] [LOG] [Fast Refresh] done in 215ms @ http://localhost:3000/_next/static/chunks/05w9_next_dist_04sc5oc._.js:2431
[  140223ms] [LOG] [Fast Refresh] rebuilding @ http://localhost:3000/_next/static/chunks/05w9_next_dist_04sc5oc._.js:2431
[  140376ms] [LOG] [Fast Refresh] done in 204ms @ http://localhost:3000/_next/static/chunks/05w9_next_dist_04sc5oc._.js:2431
[  140981ms] [LOG] [Fast Refresh] rebuilding @ http://localhost:3000/_next/static/chunks/05w9_next_dist_04sc5oc._.js:2431
[  141302ms] [LOG] [Fast Refresh] done in 404ms @ http://localhost:3000/_next/static/chunks/05w9_next_dist_04sc5oc._.js:2431
[  142010ms] [LOG] [Fast Refresh] rebuilding @ http://localhost:3000/_next/static/chunks/05w9_next_dist_04sc5oc._.js:2431
[  142332ms] [LOG] [Fast Refresh] done in 384ms @ http://localhost:3000/_next/static/chunks/05w9_next_dist_04sc5oc._.js:2431
[  142794ms] [LOG] [Fast Refresh] rebuilding @ http://localhost:3000/_next/static/chunks/05w9_next_dist_04sc5oc._.js:2431
[  143139ms] [LOG] [Fast Refresh] done in 329ms @ http://localhost:3000/_next/static/chunks/05w9_next_dist_04sc5oc._.js:2431
[  144272ms] [LOG] [Fast Refresh] rebuilding @ http://localhost:3000/_next/static/chunks/05w9_next_dist_04sc5oc._.js:2431
[  144836ms] [LOG] [Fast Refresh] done in 552ms @ http://localhost:3000/_next/static/chunks/05w9_next_dist_04sc5oc._.js:2431
[  145503ms] [LOG] [Fast Refresh] rebuilding @ http://localhost:3000/_next/static/chunks/05w9_next_dist_04sc5oc._.js:2431
[  145626ms] [LOG] [Fast Refresh] done in 183ms @ http://localhost:3000/_next/static/chunks/05w9_next_dist_04sc5oc._.js:2431
[  146377ms] [LOG] [Fast Refresh] rebuilding @ http://localhost:3000/_next/static/chunks/05w9_next_dist_04sc5oc._.js:2431
[  146464ms] [LOG] [Fast Refresh] done in 149ms @ http://localhost:3000/_next/static/chunks/05w9_next_dist_04sc5oc._.js:2431
[  146931ms] [LOG] [Fast Refresh] rebuilding @ http://localhost:3000/_next/static/chunks/05w9_next_dist_04sc5oc._.js:2431
[  147080ms] [LOG] [Fast Refresh] done in 213ms @ http://localhost:3000/_next/static/chunks/05w9_next_dist_04sc5oc._.js:2431
[  147757ms] [LOG] [Fast Refresh] rebuilding @ http://localhost:3000/_next/static/chunks/05w9_next_dist_04sc5oc._.js:2431
[  147828ms] [LOG] [Fast Refresh] done in 130ms @ http://localhost:3000/_next/static/chunks/05w9_next_dist_04sc5oc._.js:2431
[  148249ms] [LOG] [Fast Refresh] rebuilding @ http://localhost:3000/_next/static/chunks/05w9_next_dist_04sc5oc._.js:2431
[  148412ms] [LOG] [Fast Refresh] done in 228ms @ http://localhost:3000/_next/static/chunks/05w9_next_dist_04sc5oc._.js:2431
[  148907ms] [LOG] [Fast Refresh] rebuilding @ http://localhost:3000/_next/static/chunks/05w9_next_dist_04sc5oc._.js:2431
[  148993ms] [LOG] [Fast Refresh] done in 150ms @ http://localhost:3000/_next/static/chunks/05w9_next_dist_04sc5oc._.js:2431
[  149423ms] [LOG] [Fast Refresh] rebuilding @ http://localhost:3000/_next/static/chunks/05w9_next_dist_04sc5oc._.js:2431
[  149487ms] [LOG] [Fast Refresh] done in 129ms @ http://localhost:3000/_next/static/chunks/05w9_next_dist_04sc5oc._.js:2431
[  149986ms] [LOG] [Fast Refresh] rebuilding @ http://localhost:3000/_next/static/chunks/05w9_next_dist_04sc5oc._.js:2431
[  150081ms] [LOG] [Fast Refresh] done in 183ms @ http://localhost:3000/_next/static/chunks/05w9_next_dist_04sc5oc._.js:2431
[  150512ms] [LOG] [Fast Refresh] rebuilding @ http://localhost:3000/_next/static/chunks/05w9_next_dist_04sc5oc._.js:2431
[  150560ms] [LOG] [Fast Refresh] done in 115ms @ http://localhost:3000/_next/static/chunks/05w9_next_dist_04sc5oc._.js:2431
[  151084ms] [LOG] [Fast Refresh] rebuilding @ http://localhost:3000/_next/static/chunks/05w9_next_dist_04sc5oc._.js:2431
[  151183ms] [LOG] [Fast Refresh] done in 152ms @ http://localhost:3000/_next/static/chunks/05w9_next_dist_04sc5oc._.js:2431
[  151702ms] [LOG] [Fast Refresh] rebuilding @ http://localhost:3000/_next/static/chunks/05w9_next_dist_04sc5oc._.js:2431
[  151877ms] [LOG] [Fast Refresh] done in 233ms @ http://localhost:3000/_next/static/chunks/05w9_next_dist_04sc5oc._.js:2431
[  152525ms] [LOG] [Fast Refresh] rebuilding @ http://localhost:3000/_next/static/chunks/05w9_next_dist_04sc5oc._.js:2431
[  152637ms] [LOG] [Fast Refresh] done in 177ms @ http://localhost:3000/_next/static/chunks/05w9_next_dist_04sc5oc._.js:2431
[  153118ms] [LOG] [Fast Refresh] rebuilding @ http://localhost:3000/_next/static/chunks/05w9_next_dist_04sc5oc._.js:2431
[  153193ms] [LOG] [Fast Refresh] done in 141ms @ http://localhost:3000/_next/static/chunks/05w9_next_dist_04sc5oc._.js:2431
[  153687ms] [LOG] [Fast Refresh] rebuilding @ http://localhost:3000/_next/static/chunks/05w9_next_dist_04sc5oc._.js:2431
[  153804ms] [LOG] [Fast Refresh] done in 174ms @ http://localhost:3000/_next/static/chunks/05w9_next_dist_04sc5oc._.js:2431
[  154215ms] [LOG] [Fast Refresh] rebuilding @ http://localhost:3000/_next/static/chunks/05w9_next_dist_04sc5oc._.js:2431
[  154299ms] [LOG] [Fast Refresh] done in 153ms @ http://localhost:3000/_next/static/chunks/05w9_next_dist_04sc5oc._.js:2431
[  154810ms] [LOG] [Fast Refresh] rebuilding @ http://localhost:3000/_next/static/chunks/05w9_next_dist_04sc5oc._.js:2431
[  154925ms] [LOG] [Fast Refresh] done in 214ms @ http://localhost:3000/_next/static/chunks/05w9_next_dist_04sc5oc._.js:2431
[  155368ms] [LOG] [Fast Refresh] rebuilding @ http://localhost:3000/_next/static/chunks/05w9_next_dist_04sc5oc._.js:2431
[  155474ms] [LOG] [Fast Refresh] done in 169ms @ http://localhost:3000/_next/static/chunks/05w9_next_dist_04sc5oc._.js:2431
[  155896ms] [LOG] [Fast Refresh] rebuilding @ http://localhost:3000/_next/static/chunks/05w9_next_dist_04sc5oc._.js:2431
[  155967ms] [LOG] [Fast Refresh] done in 152ms @ http://localhost:3000/_next/static/chunks/05w9_next_dist_04sc5oc._.js:2431
[  156443ms] [LOG] [Fast Refresh] rebuilding @ http://localhost:3000/_next/static/chunks/05w9_next_dist_04sc5oc._.js:2431
[  156546ms] [LOG] [Fast Refresh] done in 156ms @ http://localhost:3000/_next/static/chunks/05w9_next_dist_04sc5oc._.js:2431
[  157088ms] [LOG] [Fast Refresh] rebuilding @ http://localhost:3000/_next/static/chunks/05w9_next_dist_04sc5oc._.js:2431
[  157221ms] [LOG] [Fast Refresh] done in 209ms @ http://localhost:3000/_next/static/chunks/05w9_next_dist_04sc5oc._.js:2431
[  157681ms] [LOG] [Fast Refresh] rebuilding @ http://localhost:3000/_next/static/chunks/05w9_next_dist_04sc5oc._.js:2431
[  157752ms] [LOG] [Fast Refresh] done in 137ms @ http://localhost:3000/_next/static/chunks/05w9_next_dist_04sc5oc._.js:2431
[  158286ms] [LOG] [Fast Refresh] rebuilding @ http://localhost:3000/_next/static/chunks/05w9_next_dist_04sc5oc._.js:2431
[  158634ms] [LOG] [Fast Refresh] done in 404ms @ http://localhost:3000/_next/static/chunks/05w9_next_dist_04sc5oc._.js:2431
[  159351ms] [LOG] [Fast Refresh] rebuilding @ http://localhost:3000/_next/static/chunks/05w9_next_dist_04sc5oc._.js:2431
[  159471ms] [LOG] [Fast Refresh] done in 184ms @ http://localhost:3000/_next/static/chunks/05w9_next_dist_04sc5oc._.js:2431
[  159856ms] [LOG] [Fast Refresh] rebuilding @ http://localhost:3000/_next/static/chunks/05w9_next_dist_04sc5oc._.js:2431
[  159948ms] [LOG] [Fast Refresh] done in 155ms @ http://localhost:3000/_next/static/chunks/05w9_next_dist_04sc5oc._.js:2431
[  160410ms] [LOG] [Fast Refresh] rebuilding @ http://localhost:3000/_next/static/chunks/05w9_next_dist_04sc5oc._.js:2431
[  160518ms] [LOG] [Fast Refresh] done in 175ms @ http://localhost:3000/_next/static/chunks/05w9_next_dist_04sc5oc._.js:2431
[  160973ms] [LOG] [Fast Refresh] rebuilding @ http://localhost:3000/_next/static/chunks/05w9_next_dist_04sc5oc._.js:2431
[  161119ms] [LOG] [Fast Refresh] done in 203ms @ http://localhost:3000/_next/static/chunks/05w9_next_dist_04sc5oc._.js:2431
[  161618ms] [LOG] [Fast Refresh] rebuilding @ http://localhost:3000/_next/static/chunks/05w9_next_dist_04sc5oc._.js:2431
[  161722ms] [LOG] [Fast Refresh] done in 170ms @ http://localhost:3000/_next/static/chunks/05w9_next_dist_04sc5oc._.js:2431
[  162199ms] [LOG] [Fast Refresh] rebuilding @ http://localhost:3000/_next/static/chunks/05w9_next_dist_04sc5oc._.js:2431
[  162334ms] [LOG] [Fast Refresh] done in 225ms @ http://localhost:3000/_next/static/chunks/05w9_next_dist_04sc5oc._.js:2431
[  162771ms] [LOG] [Fast Refresh] rebuilding @ http://localhost:3000/_next/static/chunks/05w9_next_dist_04sc5oc._.js:2431
[  162841ms] [LOG] [Fast Refresh] done in 141ms @ http://localhost:3000/_next/static/chunks/05w9_next_dist_04sc5oc._.js:2431
[  163378ms] [LOG] [Fast Refresh] rebuilding @ http://localhost:3000/_next/static/chunks/05w9_next_dist_04sc5oc._.js:2431
[  163509ms] [LOG] [Fast Refresh] done in 219ms @ http://localhost:3000/_next/static/chunks/05w9_next_dist_04sc5oc._.js:2431
[  164047ms] [LOG] [Fast Refresh] rebuilding @ http://localhost:3000/_next/static/chunks/05w9_next_dist_04sc5oc._.js:2431
[  164112ms] [LOG] [Fast Refresh] done in 135ms @ http://localhost:3000/_next/static/chunks/05w9_next_dist_04sc5oc._.js:2431
[  164590ms] [LOG] [Fast Refresh] rebuilding @ http://localhost:3000/_next/static/chunks/05w9_next_dist_04sc5oc._.js:2431
[  164656ms] [LOG] [Fast Refresh] done in 134ms @ http://localhost:3000/_next/static/chunks/05w9_next_dist_04sc5oc._.js:2431
[  165146ms] [LOG] [Fast Refresh] rebuilding @ http://localhost:3000/_next/static/chunks/05w9_next_dist_04sc5oc._.js:2431
[  165229ms] [LOG] [Fast Refresh] done in 153ms @ http://localhost:3000/_next/static/chunks/05w9_next_dist_04sc5oc._.js:2431
[  165736ms] [LOG] [Fast Refresh] rebuilding @ http://localhost:3000/_next/static/chunks/05w9_next_dist_04sc5oc._.js:2431
[  165865ms] [LOG] [Fast Refresh] done in 216ms @ http://localhost:3000/_next/static/chunks/05w9_next_dist_04sc5oc._.js:2431
[  166255ms] [LOG] [Fast Refresh] rebuilding @ http://localhost:3000/_next/static/chunks/05w9_next_dist_04sc5oc._.js:2431
[  166484ms] [LOG] [Fast Refresh] done in 315ms @ http://localhost:3000/_next/static/chunks/05w9_next_dist_04sc5oc._.js:2431
[  166861ms] [LOG] [Fast Refresh] rebuilding @ http://localhost:3000/_next/static/chunks/05w9_next_dist_04sc5oc._.js:2431
[  167018ms] [LOG] [Fast Refresh] done in 248ms @ http://localhost:3000/_next/static/chunks/05w9_next_dist_04sc5oc._.js:2431
[  167385ms] [LOG] [Fast Refresh] rebuilding @ http://localhost:3000/_next/static/chunks/05w9_next_dist_04sc5oc._.js:2431
[  167488ms] [LOG] [Fast Refresh] done in 160ms @ http://localhost:3000/_next/static/chunks/05w9_next_dist_04sc5oc._.js:2431
[  167999ms] [LOG] [Fast Refresh] rebuilding @ http://localhost:3000/_next/static/chunks/05w9_next_dist_04sc5oc._.js:2431
[  168111ms] [LOG] [Fast Refresh] done in 178ms @ http://localhost:3000/_next/static/chunks/05w9_next_dist_04sc5oc._.js:2431
[  168503ms] [LOG] [Fast Refresh] rebuilding @ http://localhost:3000/_next/static/chunks/05w9_next_dist_04sc5oc._.js:2431
[  168715ms] [LOG] [Fast Refresh] done in 242ms @ http://localhost:3000/_next/static/chunks/05w9_next_dist_04sc5oc._.js:2431
[  169155ms] [LOG] [Fast Refresh] rebuilding @ http://localhost:3000/_next/static/chunks/05w9_next_dist_04sc5oc._.js:2431
[  169223ms] [LOG] [Fast Refresh] done in 146ms @ http://localhost:3000/_next/static/chunks/05w9_next_dist_04sc5oc._.js:2431
[  169838ms] [LOG] [Fast Refresh] rebuilding @ http://localhost:3000/_next/static/chunks/05w9_next_dist_04sc5oc._.js:2431
[  169938ms] [LOG] [Fast Refresh] done in 169ms @ http://localhost:3000/_next/static/chunks/05w9_next_dist_04sc5oc._.js:2431
[  170675ms] [LOG] [Fast Refresh] rebuilding @ http://localhost:3000/_next/static/chunks/05w9_next_dist_04sc5oc._.js:2431
[  170861ms] [LOG] [Fast Refresh] done in 244ms @ http://localhost:3000/_next/static/chunks/05w9_next_dist_04sc5oc._.js:2431
[  171287ms] [LOG] [Fast Refresh] rebuilding @ http://localhost:3000/_next/static/chunks/05w9_next_dist_04sc5oc._.js:2431
[  171405ms] [LOG] [Fast Refresh] done in 186ms @ http://localhost:3000/_next/static/chunks/05w9_next_dist_04sc5oc._.js:2431
[  171848ms] [LOG] [Fast Refresh] rebuilding @ http://localhost:3000/_next/static/chunks/05w9_next_dist_04sc5oc._.js:2431
[  171947ms] [LOG] [Fast Refresh] done in 165ms @ http://localhost:3000/_next/static/chunks/05w9_next_dist_04sc5oc._.js:2431
[  172487ms] [LOG] [Fast Refresh] rebuilding @ http://localhost:3000/_next/static/chunks/05w9_next_dist_04sc5oc._.js:2431
[  172597ms] [LOG] [Fast Refresh] done in 193ms @ http://localhost:3000/_next/static/chunks/05w9_next_dist_04sc5oc._.js:2431
[  172997ms] [LOG] [Fast Refresh] rebuilding @ http://localhost:3000/_next/static/chunks/05w9_next_dist_04sc5oc._.js:2431
[  173079ms] [LOG] [Fast Refresh] done in 161ms @ http://localhost:3000/_next/static/chunks/05w9_next_dist_04sc5oc._.js:2431
[  173711ms] [LOG] [Fast Refresh] rebuilding @ http://localhost:3000/_next/static/chunks/05w9_next_dist_04sc5oc._.js:2431
[  173836ms] [LOG] [Fast Refresh] done in 225ms @ http://localhost:3000/_next/static/chunks/05w9_next_dist_04sc5oc._.js:2431
[  174586ms] [LOG] [Fast Refresh] rebuilding @ http://localhost:3000/_next/static/chunks/05w9_next_dist_04sc5oc._.js:2431
[  174719ms] [LOG] [Fast Refresh] done in 196ms @ http://localhost:3000/_next/static/chunks/05w9_next_dist_04sc5oc._.js:2431
[  175270ms] [LOG] [Fast Refresh] rebuilding @ http://localhost:3000/_next/static/chunks/05w9_next_dist_04sc5oc._.js:2431
[  175483ms] [LOG] [Fast Refresh] done in 277ms @ http://localhost:3000/_next/static/chunks/05w9_next_dist_04sc5oc._.js:2431
[  175873ms] [LOG] [Fast Refresh] rebuilding @ http://localhost:3000/_next/static/chunks/05w9_next_dist_04sc5oc._.js:2431
[  176005ms] [LOG] [Fast Refresh] done in 220ms @ http://localhost:3000/_next/static/chunks/05w9_next_dist_04sc5oc._.js:2431
[  176477ms] [LOG] [Fast Refresh] rebuilding @ http://localhost:3000/_next/static/chunks/05w9_next_dist_04sc5oc._.js:2431
[  176670ms] [LOG] [Fast Refresh] done in 278ms @ http://localhost:3000/_next/static/chunks/05w9_next_dist_04sc5oc._.js:2431
[  177308ms] [LOG] [Fast Refresh] rebuilding @ http://localhost:3000/_next/static/chunks/05w9_next_dist_04sc5oc._.js:2431
[  177473ms] [LOG] [Fast Refresh] done in 219ms @ http://localhost:3000/_next/static/chunks/05w9_next_dist_04sc5oc._.js:2431
[  177913ms] [LOG] [Fast Refresh] rebuilding @ http://localhost:3000/_next/static/chunks/05w9_next_dist_04sc5oc._.js:2431
[  178192ms] [LOG] [Fast Refresh] done in 336ms @ http://localhost:3000/_next/static/chunks/05w9_next_dist_04sc5oc._.js:2431
[  179058ms] [LOG] [Fast Refresh] rebuilding @ http://localhost:3000/_next/static/chunks/05w9_next_dist_04sc5oc._.js:2431
[  179289ms] [LOG] [Fast Refresh] done in 281ms @ http://localhost:3000/_next/static/chunks/05w9_next_dist_04sc5oc._.js:2431
[  180293ms] [LOG] [Fast Refresh] rebuilding @ http://localhost:3000/_next/static/chunks/05w9_next_dist_04sc5oc._.js:2431
[  180664ms] [LOG] [Fast Refresh] done in 398ms @ http://localhost:3000/_next/static/chunks/05w9_next_dist_04sc5oc._.js:2431
[  181527ms] [LOG] [Fast Refresh] rebuilding @ http://localhost:3000/_next/static/chunks/05w9_next_dist_04sc5oc._.js:2431
[  182247ms] [LOG] [Fast Refresh] done in 716ms @ http://localhost:3000/_next/static/chunks/05w9_next_dist_04sc5oc._.js:2431
[  184165ms] [LOG] [Fast Refresh] rebuilding @ http://localhost:3000/_next/static/chunks/05w9_next_dist_04sc5oc._.js:2431
[  184909ms] [LOG] [Fast Refresh] done in 814ms @ http://localhost:3000/_next/static/chunks/05w9_next_dist_04sc5oc._.js:2431
[  185405ms] [LOG] [Fast Refresh] rebuilding @ http://localhost:3000/_next/static/chunks/05w9_next_dist_04sc5oc._.js:2431
[  185924ms] [LOG] [Fast Refresh] done in 611ms @ http://localhost:3000/_next/static/chunks/05w9_next_dist_04sc5oc._.js:2431
[  186901ms] [LOG] [Fast Refresh] rebuilding @ http://localhost:3000/_next/static/chunks/05w9_next_dist_04sc5oc._.js:2431
[  187122ms] [LOG] [Fast Refresh] done in 283ms @ http://localhost:3000/_next/static/chunks/05w9_next_dist_04sc5oc._.js:2431
[  187844ms] [LOG] [Fast Refresh] rebuilding @ http://localhost:3000/_next/static/chunks/05w9_next_dist_04sc5oc._.js:2431
[  188005ms] [LOG] [Fast Refresh] done in 167ms @ http://localhost:3000/_next/static/chunks/05w9_next_dist_04sc5oc._.js:2431
[  188429ms] [LOG] [Fast Refresh] rebuilding @ http://localhost:3000/_next/static/chunks/05w9_next_dist_04sc5oc._.js:2431
[  188496ms] [LOG] [Fast Refresh] done in 135ms @ http://localhost:3000/_next/static/chunks/05w9_next_dist_04sc5oc._.js:2431
[  189068ms] [LOG] [Fast Refresh] rebuilding @ http://localhost:3000/_next/static/chunks/05w9_next_dist_04sc5oc._.js:2431
[  189212ms] [LOG] [Fast Refresh] done in 195ms @ http://localhost:3000/_next/static/chunks/05w9_next_dist_04sc5oc._.js:2431
[  189759ms] [LOG] [Fast Refresh] rebuilding @ http://localhost:3000/_next/static/chunks/05w9_next_dist_04sc5oc._.js:2431
[  189866ms] [LOG] [Fast Refresh] done in 164ms @ http://localhost:3000/_next/static/chunks/05w9_next_dist_04sc5oc._.js:2431
[  190380ms] [LOG] [Fast Refresh] rebuilding @ http://localhost:3000/_next/static/chunks/05w9_next_dist_04sc5oc._.js:2431
[  190435ms] [LOG] [Fast Refresh] done in 143ms @ http://localhost:3000/_next/static/chunks/05w9_next_dist_04sc5oc._.js:2431
[  190883ms] [LOG] [Fast Refresh] rebuilding @ http://localhost:3000/_next/static/chunks/05w9_next_dist_04sc5oc._.js:2431
[  191067ms] [LOG] [Fast Refresh] done in 246ms @ http://localhost:3000/_next/static/chunks/05w9_next_dist_04sc5oc._.js:2431
[  191464ms] [LOG] [Fast Refresh] rebuilding @ http://localhost:3000/_next/static/chunks/05w9_next_dist_04sc5oc._.js:2431
[  191670ms] [LOG] [Fast Refresh] done in 298ms @ http://localhost:3000/_next/static/chunks/05w9_next_dist_04sc5oc._.js:2431
[  192265ms] [LOG] [Fast Refresh] rebuilding @ http://localhost:3000/_next/static/chunks/05w9_next_dist_04sc5oc._.js:2431
[  192345ms] [LOG] [Fast Refresh] done in 143ms @ http://localhost:3000/_next/static/chunks/05w9_next_dist_04sc5oc._.js:2431
[  192975ms] [LOG] [Fast Refresh] rebuilding @ http://localhost:3000/_next/static/chunks/05w9_next_dist_04sc5oc._.js:2431
[  193099ms] [LOG] [Fast Refresh] done in 174ms @ http://localhost:3000/_next/static/chunks/05w9_next_dist_04sc5oc._.js:2431
[  193483ms] [LOG] [Fast Refresh] rebuilding @ http://localhost:3000/_next/static/chunks/05w9_next_dist_04sc5oc._.js:2431
[  193541ms] [LOG] [Fast Refresh] done in 127ms @ http://localhost:3000/_next/static/chunks/05w9_next_dist_04sc5oc._.js:2431
[  194151ms] [LOG] [Fast Refresh] rebuilding @ http://localhost:3000/_next/static/chunks/05w9_next_dist_04sc5oc._.js:2431
[  194265ms] [LOG] [Fast Refresh] done in 198ms @ http://localhost:3000/_next/static/chunks/05w9_next_dist_04sc5oc._.js:2431
[  194782ms] [LOG] [Fast Refresh] rebuilding @ http://localhost:3000/_next/static/chunks/05w9_next_dist_04sc5oc._.js:2431
[  194884ms] [LOG] [Fast Refresh] done in 167ms @ http://localhost:3000/_next/static/chunks/05w9_next_dist_04sc5oc._.js:2431
[  195271ms] [LOG] [Fast Refresh] rebuilding @ http://localhost:3000/_next/static/chunks/05w9_next_dist_04sc5oc._.js:2431
[  195379ms] [LOG] [Fast Refresh] done in 164ms @ http://localhost:3000/_next/static/chunks/05w9_next_dist_04sc5oc._.js:2431
[  195823ms] [LOG] [Fast Refresh] rebuilding @ http://localhost:3000/_next/static/chunks/05w9_next_dist_04sc5oc._.js:2431
[  195890ms] [LOG] [Fast Refresh] done in 133ms @ http://localhost:3000/_next/static/chunks/05w9_next_dist_04sc5oc._.js:2431
[  196308ms] [LOG] [Fast Refresh] rebuilding @ http://localhost:3000/_next/static/chunks/05w9_next_dist_04sc5oc._.js:2431
[  196368ms] [LOG] [Fast Refresh] done in 126ms @ http://localhost:3000/_next/static/chunks/05w9_next_dist_04sc5oc._.js:2431
[  196866ms] [LOG] [Fast Refresh] rebuilding @ http://localhost:3000/_next/static/chunks/05w9_next_dist_04sc5oc._.js:2431
[  196917ms] [LOG] [Fast Refresh] done in 116ms @ http://localhost:3000/_next/static/chunks/05w9_next_dist_04sc5oc._.js:2431
[  197354ms] [LOG] [Fast Refresh] rebuilding @ http://localhost:3000/_next/static/chunks/05w9_next_dist_04sc5oc._.js:2431
[  197471ms] [LOG] [Fast Refresh] done in 182ms @ http://localhost:3000/_next/static/chunks/05w9_next_dist_04sc5oc._.js:2431
[  198144ms] [LOG] [Fast Refresh] rebuilding @ http://localhost:3000/_next/static/chunks/05w9_next_dist_04sc5oc._.js:2431
[  198293ms] [LOG] [Fast Refresh] done in 208ms @ http://localhost:3000/_next/static/chunks/05w9_next_dist_04sc5oc._.js:2431
[  198754ms] [LOG] [Fast Refresh] rebuilding @ http://localhost:3000/_next/static/chunks/05w9_next_dist_04sc5oc._.js:2431
[  199206ms] [LOG] [Fast Refresh] done in 416ms @ http://localhost:3000/_next/static/chunks/05w9_next_dist_04sc5oc._.js:2431
[  200158ms] [LOG] [Fast Refresh] rebuilding @ http://localhost:3000/_next/static/chunks/05w9_next_dist_04sc5oc._.js:2431
[  200358ms] [LOG] [Fast Refresh] done in 255ms @ http://localhost:3000/_next/static/chunks/05w9_next_dist_04sc5oc._.js:2431
[  200701ms] [LOG] [Fast Refresh] rebuilding @ http://localhost:3000/_next/static/chunks/05w9_next_dist_04sc5oc._.js:2431
[  200857ms] [LOG] [Fast Refresh] done in 201ms @ http://localhost:3000/_next/static/chunks/05w9_next_dist_04sc5oc._.js:2431
[  201264ms] [LOG] [Fast Refresh] rebuilding @ http://localhost:3000/_next/static/chunks/05w9_next_dist_04sc5oc._.js:2431
[  201346ms] [LOG] [Fast Refresh] done in 133ms @ http://localhost:3000/_next/static/chunks/05w9_next_dist_04sc5oc._.js:2431
[  201901ms] [LOG] [Fast Refresh] rebuilding @ http://localhost:3000/_next/static/chunks/05w9_next_dist_04sc5oc._.js:2431
[  202022ms] [LOG] [Fast Refresh] done in 201ms @ http://localhost:3000/_next/static/chunks/05w9_next_dist_04sc5oc._.js:2431
[  202418ms] [LOG] [Fast Refresh] rebuilding @ http://localhost:3000/_next/static/chunks/05w9_next_dist_04sc5oc._.js:2431
[  202537ms] [LOG] [Fast Refresh] done in 203ms @ http://localhost:3000/_next/static/chunks/05w9_next_dist_04sc5oc._.js:2431
[  202992ms] [LOG] [Fast Refresh] rebuilding @ http://localhost:3000/_next/static/chunks/05w9_next_dist_04sc5oc._.js:2431
[  203048ms] [LOG] [Fast Refresh] done in 121ms @ http://localhost:3000/_next/static/chunks/05w9_next_dist_04sc5oc._.js:2431
[  203507ms] [LOG] [Fast Refresh] rebuilding @ http://localhost:3000/_next/static/chunks/05w9_next_dist_04sc5oc._.js:2431
[  203565ms] [LOG] [Fast Refresh] done in 138ms @ http://localhost:3000/_next/static/chunks/05w9_next_dist_04sc5oc._.js:2431
[  204029ms] [LOG] [Fast Refresh] rebuilding @ http://localhost:3000/_next/static/chunks/05w9_next_dist_04sc5oc._.js:2431
[  204486ms] [LOG] [Fast Refresh] done in 161ms @ http://localhost:3000/_next/static/chunks/05w9_next_dist_04sc5oc._.js:2431
[  204603ms] [LOG] [Fast Refresh] rebuilding @ http://localhost:3000/_next/static/chunks/05w9_next_dist_04sc5oc._.js:2431
[  204663ms] [LOG] [Fast Refresh] done in 123ms @ http://localhost:3000/_next/static/chunks/05w9_next_dist_04sc5oc._.js:2431
[  205213ms] [LOG] [Fast Refresh] rebuilding @ http://localhost:3000/_next/static/chunks/05w9_next_dist_04sc5oc._.js:2431
[  205349ms] [LOG] [Fast Refresh] done in 187ms @ http://localhost:3000/_next/static/chunks/05w9_next_dist_04sc5oc._.js:2431
[  206660ms] [LOG] [Fast Refresh] rebuilding @ http://localhost:3000/_next/static/chunks/05w9_next_dist_04sc5oc._.js:2431
[  207023ms] [LOG] [Fast Refresh] done in 466ms @ http://localhost:3000/_next/static/chunks/05w9_next_dist_04sc5oc._.js:2431
[  207646ms] [LOG] [Fast Refresh] rebuilding @ http://localhost:3000/_next/static/chunks/05w9_next_dist_04sc5oc._.js:2431
[  208160ms] [LOG] [Fast Refresh] done in 505ms @ http://localhost:3000/_next/static/chunks/05w9_next_dist_04sc5oc._.js:2431
[  208283ms] [LOG] [Fast Refresh] rebuilding @ http://localhost:3000/_next/static/chunks/05w9_next_dist_04sc5oc._.js:2431
[  208325ms] [LOG] [Fast Refresh] done in 145ms @ http://localhost:3000/_next/static/chunks/05w9_next_dist_04sc5oc._.js:2431
[  209232ms] [LOG] [Fast Refresh] rebuilding @ http://localhost:3000/_next/static/chunks/05w9_next_dist_04sc5oc._.js:2431
[  209405ms] [LOG] [Fast Refresh] done in 227ms @ http://localhost:3000/_next/static/chunks/05w9_next_dist_04sc5oc._.js:2431
[  209852ms] [LOG] [Fast Refresh] rebuilding @ http://localhost:3000/_next/static/chunks/05w9_next_dist_04sc5oc._.js:2431
[  209952ms] [LOG] [Fast Refresh] done in 156ms @ http://localhost:3000/_next/static/chunks/05w9_next_dist_04sc5oc._.js:2431
[  210551ms] [LOG] [Fast Refresh] rebuilding @ http://localhost:3000/_next/static/chunks/05w9_next_dist_04sc5oc._.js:2431
[  210629ms] [LOG] [Fast Refresh] done in 144ms @ http://localhost:3000/_next/static/chunks/05w9_next_dist_04sc5oc._.js:2431
[  211077ms] [LOG] [Fast Refresh] rebuilding @ http://localhost:3000/_next/static/chunks/05w9_next_dist_04sc5oc._.js:2431
[  212062ms] [LOG] [Fast Refresh] done in 982ms @ http://localhost:3000/_next/static/chunks/05w9_next_dist_04sc5oc._.js:2431
[  212932ms] [LOG] [Fast Refresh] rebuilding @ http://localhost:3000/_next/static/chunks/05w9_next_dist_04sc5oc._.js:2431
[  213117ms] [LOG] [Fast Refresh] done in 271ms @ http://localhost:3000/_next/static/chunks/05w9_next_dist_04sc5oc._.js:2431
[  213799ms] [LOG] [Fast Refresh] rebuilding @ http://localhost:3000/_next/static/chunks/05w9_next_dist_04sc5oc._.js:2431
[  213946ms] [LOG] [Fast Refresh] done in 237ms @ http://localhost:3000/_next/static/chunks/05w9_next_dist_04sc5oc._.js:2431
[  215209ms] [LOG] [Fast Refresh] rebuilding @ http://localhost:3000/_next/static/chunks/05w9_next_dist_04sc5oc._.js:2431
[  216062ms] [LOG] [Fast Refresh] done in 952ms @ http://localhost:3000/_next/static/chunks/05w9_next_dist_04sc5oc._.js:2431
[  216564ms] [LOG] [Fast Refresh] rebuilding @ http://localhost:3000/_next/static/chunks/05w9_next_dist_04sc5oc._.js:2431
[  216602ms] [WARNING] [HMR] Invalid message: {"isTrusted":true}
TypeError: Cannot convert undefined or null to object
    at Object.keys (<anonymous>)
    at extractModulesFromTurbopackMessage (http://localhost:3000/_next/static/chunks/05w9_next_dist_client_0ppevk9._.js:13631:39)
    at TurbopackHmr.onTurbopackMessage (http://localhost:3000/_next/static/chunks/05w9_next_dist_client_0ppevk9._.js:13578:32)
    at processMessage (http://localhost:3000/_next/static/chunks/05w9_next_dist_client_0ppevk9._.js:13936:30)
    at WebSocket.handleMessage (http://localhost:3000/_next/static/chunks/05w9_next_dist_client_0ppevk9._.js:13335:52) @ http://localhost:3000/_next/static/chunks/05w9_next_dist_04sc5oc._.js:2431
[  216770ms] [LOG] [Fast Refresh] done in 136ms @ http://localhost:3000/_next/static/chunks/05w9_next_dist_04sc5oc._.js:2431
[ 1069195ms] [LOG] [Fast Refresh] rebuilding @ http://localhost:3000/_next/static/chunks/05w9_next_dist_04sc5oc._.js:2431
[ 1070978ms] [LOG] [Fast Refresh] done in 1803ms @ http://localhost:3000/_next/static/chunks/05w9_next_dist_04sc5oc._.js:2431
[ 1071091ms] [LOG] [Fast Refresh] rebuilding @ http://localhost:3000/_next/static/chunks/05w9_next_dist_04sc5oc._.js:2431
[ 1071827ms] [LOG] [Fast Refresh] done in 833ms @ http://localhost:3000/_next/static/chunks/05w9_next_dist_04sc5oc._.js:2431
[ 1071840ms] [LOG] [Fast Refresh] rebuilding @ http://localhost:3000/_next/static/chunks/05w9_next_dist_04sc5oc._.js:2431
[ 1071886ms] [LOG] [Fast Refresh] done in 15ms @ http://localhost:3000/_next/static/chunks/05w9_next_dist_04sc5oc._.js:2431
[ 1072242ms] [INFO] %cDownload the React DevTools for a better development experience: https://react.dev/link/react-devtools font-weight:bold @ http://localhost:3000/_next/static/chunks/05w9_next_dist_04sc5oc._.js:2431
[ 1072302ms] [LOG] [HMR] connected @ http://localhost:3000/_next/static/chunks/05w9_next_dist_04sc5oc._.js:2431
